mode: atomic
github.com/jlandowner/helm-chartsnap/pkg/unstructured/v1/legacy.go:16.56,17.44 1 0
github.com/jlandowner/helm-chartsnap/pkg/unstructured/v1/legacy.go:17.44,18.55 1 0
github.com/jlandowner/helm-chartsnap/pkg/unstructured/v1/legacy.go:18.55,20.4 1 0
github.com/jlandowner/helm-chartsnap/pkg/unstructured/v1/legacy.go:21.3,21.43 1 0
github.com/jlandowner/helm-chartsnap/pkg/unstructured/v1/legacy.go:21.43,23.4 1 0
github.com/jlandowner/helm-chartsnap/pkg/unstructured/v1/legacy.go:24.3,24.45 1 0
github.com/jlandowner/helm-chartsnap/pkg/unstructured/v1/legacy.go:26.2,26.26 1 0
github.com/jlandowner/helm-chartsnap/pkg/unstructured/v1/legacy.go:30.50,32.34 2 0
github.com/jlandowner/helm-chartsnap/pkg/unstructured/v1/legacy.go:32.34,34.25 2 0
github.com/jlandowner/helm-chartsnap/pkg/unstructured/v1/legacy.go:34.25,36.4 1 0
github.com/jlandowner/helm-chartsnap/pkg/unstructured/v1/legacy.go:38.2,38.11 1 0
github.com/jlandowner/helm-chartsnap/pkg/unstructured/v1/legacy.go:42.50,45.34 3 0
github.com/jlandowner/helm-chartsnap/pkg/unstructured/v1/legacy.go:45.34,46.47 1 0
github.com/jlandowner/helm-chartsnap/pkg/unstructured/v1/legacy.go:46.47,47.42 1 0
github.com/jlandowner/helm-chartsnap/pkg/unstructured/v1/legacy.go:47.42,49.27 2 0
github.com/jlandowner/helm-chartsnap/pkg/unstructured/v1/legacy.go:49.27,51.6 1 0
github.com/jlandowner/helm-chartsnap/pkg/unstructured/v1/legacy.go:53.4,53.13 1 0
github.com/jlandowner/helm-chartsnap/pkg/unstructured/v1/legacy.go:56.2,56.11 1 0
github.com/jlandowner/helm-chartsnap/pkg/unstructured/v1/legacy.go:63.48,74.26 4 0
github.com/jlandowner/helm-chartsnap/pkg/unstructured/v1/legacy.go:74.26,75.25 1 0
github.com/jlandowner/helm-chartsnap/pkg/unstructured/v1/legacy.go:75.25,78.12 2 0
github.com/jlandowner/helm-chartsnap/pkg/unstructured/v1/legacy.go:81.3,81.39 1 0
github.com/jlandowner/helm-chartsnap/pkg/unstructured/v1/legacy.go:81.39,84.4 2 0
github.com/jlandowner/helm-chartsnap/pkg/unstructured/v1/legacy.go:86.3,86.32 1 0
github.com/jlandowner/helm-chartsnap/pkg/unstructured/v1/legacy.go:86.32,90.51 2 0
github.com/jlandowner/helm-chartsnap/pkg/unstructured/v1/legacy.go:90.51,95.70 2 0
github.com/jlandowner/helm-chartsnap/pkg/unstructured/v1/legacy.go:95.70,97.6 1 0
github.com/jlandowner/helm-chartsnap/pkg/unstructured/v1/legacy.go:99.4,99.33 1 0
github.com/jlandowner/helm-chartsnap/pkg/unstructured/v1/legacy.go:101.9,102.22 1 0
github.com/jlandowner/helm-chartsnap/pkg/unstructured/v1/legacy.go:102.22,106.70 2 0
github.com/jlandowner/helm-chartsnap/pkg/unstructured/v1/legacy.go:106.70,108.6 1 0
github.com/jlandowner/helm-chartsnap/pkg/unstructured/v1/legacy.go:110.5,110.25 1 0
github.com/jlandowner/helm-chartsnap/pkg/unstructured/v1/legacy.go:114.2,114.20 1 0
github.com/jlandowner/helm-chartsnap/pkg/unstructured/v1/legacy.go:117.38,118.26 1 0
github.com/jlandowner/helm-chartsnap/pkg/unstructured/v1/legacy.go:118.26,120.3 1 0
github.com/jlandowner/helm-chartsnap/pkg/unstructured/v1/legacy.go:120.8,120.20 1 0
github.com/jlandowner/helm-chartsnap/pkg/unstructured/v1/legacy.go:120.20,122.3 1 0
github.com/jlandowner/helm-chartsnap/pkg/unstructured/v1/legacy.go:122.8,124.3 1 0
github.com/jlandowner/helm-chartsnap/pkg/unstructured/v1/legacy.go:127.46,128.17 1 0
github.com/jlandowner/helm-chartsnap/pkg/unstructured/v1/legacy.go:129.24,130.51 1 0
github.com/jlandowner/helm-chartsnap/pkg/unstructured/v1/legacy.go:131.25,132.53 1 0
github.com/jlandowner/helm-chartsnap/pkg/unstructured/v1/legacy.go:133.10,134.32 1 0
github.com/jlandowner/helm-chartsnap/pkg/jsonpatch/jsonpatch.go:16.38,18.2 1 10
github.com/jlandowner/helm-chartsnap/pkg/jsonpatch/jsonpatch.go:20.45,22.20 2 5
github.com/jlandowner/helm-chartsnap/pkg/jsonpatch/jsonpatch.go:22.20,24.3 1 1
github.com/jlandowner/helm-chartsnap/pkg/jsonpatch/jsonpatch.go:25.2,26.34 2 4
github.com/jlandowner/helm-chartsnap/pkg/jsonpatch/jsonpatch.go:26.34,28.3 1 8
github.com/jlandowner/helm-chartsnap/pkg/jsonpatch/jsonpatch.go:29.2,29.14 1 4
github.com/jlandowner/helm-chartsnap/pkg/snap/cachefs.go:21.48,24.74 2 3
github.com/jlandowner/helm-chartsnap/pkg/snap/cachefs.go:24.74,26.3 1 0
github.com/jlandowner/helm-chartsnap/pkg/snap/cachefs.go:27.2,28.16 2 3
github.com/jlandowner/helm-chartsnap/pkg/snap/cachefs.go:28.16,30.3 1 0
github.com/jlandowner/helm-chartsnap/pkg/snap/cachefs.go:31.2,33.44 2 3
github.com/jlandowner/helm-chartsnap/pkg/snap/cachefs.go:33.44,35.3 1 0
github.com/jlandowner/helm-chartsnap/pkg/snap/cachefs.go:36.2,36.12 1 3
github.com/jlandowner/helm-chartsnap/pkg/snap/cachefs.go:39.44,43.16 3 12
github.com/jlandowner/helm-chartsnap/pkg/snap/cachefs.go:43.16,45.3 1 0
github.com/jlandowner/helm-chartsnap/pkg/snap/cachefs.go:46.2,46.13 1 12
github.com/jlandowner/helm-chartsnap/pkg/snap/cachefs.go:46.13,48.3 1 2
github.com/jlandowner/helm-chartsnap/pkg/snap/cachefs.go:50.2,51.16 2 10
github.com/jlandowner/helm-chartsnap/pkg/snap/cachefs.go:51.16,53.3 1 0
github.com/jlandowner/helm-chartsnap/pkg/snap/cachefs.go:54.2,57.16 3 10
github.com/jlandowner/helm-chartsnap/pkg/snap/cachefs.go:57.16,59.3 1 0
github.com/jlandowner/helm-chartsnap/pkg/snap/cachefs.go:60.2,60.15 1 10
github.com/jlandowner/helm-chartsnap/pkg/snap/cachefs.go:63.36,66.2 2 1
github.com/jlandowner/helm-chartsnap/pkg/snap/snapshot.go:21.36,25.2 3 0
github.com/jlandowner/helm-chartsnap/pkg/snap/snapshot.go:27.25,30.19 3 20
github.com/jlandowner/helm-chartsnap/pkg/snap/snapshot.go:30.19,32.3 1 6
github.com/jlandowner/helm-chartsnap/pkg/snap/snapshot.go:33.2,33.15 1 20
github.com/jlandowner/helm-chartsnap/pkg/snap/snapshot.go:36.42,38.56 2 1
github.com/jlandowner/helm-chartsnap/pkg/snap/snapshot.go:38.56,40.3 1 0
github.com/jlandowner/helm-chartsnap/pkg/snap/snapshot.go:41.2,42.56 2 1
github.com/jlandowner/helm-chartsnap/pkg/snap/snapshot.go:42.56,44.3 1 0
github.com/jlandowner/helm-chartsnap/pkg/snap/snapshot.go:45.2,45.56 1 1
github.com/jlandowner/helm-chartsnap/pkg/snap/snapshot.go:51.38,52.34 1 1
github.com/jlandowner/helm-chartsnap/pkg/snap/snapshot.go:52.34,54.3 1 1
github.com/jlandowner/helm-chartsnap/pkg/snap/snapshot.go:58.39,59.34 1 3
github.com/jlandowner/helm-chartsnap/pkg/snap/snapshot.go:59.34,61.3 1 3
github.com/jlandowner/helm-chartsnap/pkg/snap/snapshot.go:65.75,71.30 2 6
github.com/jlandowner/helm-chartsnap/pkg/snap/snapshot.go:71.30,73.3 1 4
github.com/jlandowner/helm-chartsnap/pkg/snap/snapshot.go:74.2,74.10 1 6
github.com/jlandowner/helm-chartsnap/pkg/snap/snapshot.go:87.79,89.28 1 5
github.com/jlandowner/helm-chartsnap/pkg/snap/snapshot.go:90.14,91.21 1 2
github.com/jlandowner/helm-chartsnap/pkg/snap/snapshot.go:92.14,93.29 1 2
github.com/jlandowner/helm-chartsnap/pkg/snap/snapshot.go:94.10,99.44 5 1
github.com/jlandowner/helm-chartsnap/pkg/snap/snapshot.go:99.44,101.4 1 0
github.com/jlandowner/helm-chartsnap/pkg/snap/snapshot.go:102.3,102.32 1 1
github.com/jlandowner/helm-chartsnap/pkg/snap/snapshot.go:106.2,107.43 2 5
github.com/jlandowner/helm-chartsnap/pkg/snap/snapshot.go:107.43,110.17 2 2
github.com/jlandowner/helm-chartsnap/pkg/snap/snapshot.go:110.17,112.4 1 2
github.com/jlandowner/helm-chartsnap/pkg/snap/snapshot.go:114.2,114.16 1 3
github.com/jlandowner/helm-chartsnap/pkg/snap/snapshot.go:114.16,116.3 1 0
github.com/jlandowner/helm-chartsnap/pkg/snap/snapshot.go:117.2,119.48 2 3
github.com/jlandowner/helm-chartsnap/pkg/snap/snapshot.go:124.79,126.2 1 1
github.com/jlandowner/helm-chartsnap/pkg/snap/snapshot.go:130.86,132.2 1 0
github.com/jlandowner/helm-chartsnap/pkg/snap/snapshot.go:134.58,136.16 2 5
github.com/jlandowner/helm-chartsnap/pkg/snap/snapshot.go:136.16,138.3 1 1
github.com/jlandowner/helm-chartsnap/pkg/snap/snapshot.go:139.2,139.20 1 4
github.com/jlandowner/helm-chartsnap/pkg/snap/snapshot.go:139.20,141.3 1 1
github.com/jlandowner/helm-chartsnap/pkg/snap/snapshot.go:143.2,145.16 3 3
github.com/jlandowner/helm-chartsnap/pkg/snap/snapshot.go:145.16,147.3 1 0
github.com/jlandowner/helm-chartsnap/pkg/snap/snapshot.go:148.2,148.37 1 3
github.com/jlandowner/helm-chartsnap/pkg/snap/snapshot.go:148.37,151.3 2 2
github.com/jlandowner/helm-chartsnap/pkg/snap/snapshot.go:151.8,153.3 1 1
github.com/jlandowner/helm-chartsnap/pkg/snap/snapshot.go:156.68,157.20 1 2
github.com/jlandowner/helm-chartsnap/pkg/snap/snapshot.go:157.20,160.3 1 1
github.com/jlandowner/helm-chartsnap/pkg/snap/snapshot.go:162.2,165.16 4 1
github.com/jlandowner/helm-chartsnap/pkg/snap/snapshot.go:165.16,167.17 2 1
github.com/jlandowner/helm-chartsnap/pkg/snap/snapshot.go:167.17,169.4 1 0
github.com/jlandowner/helm-chartsnap/pkg/snap/snapshot.go:171.2,171.16 1 1
github.com/jlandowner/helm-chartsnap/pkg/snap/snapshot.go:171.16,172.44 1 0
github.com/jlandowner/helm-chartsnap/pkg/snap/snapshot.go:172.44,174.4 1 0
github.com/jlandowner/helm-chartsnap/pkg/snap/snapshot.go:174.9,176.4 1 0
github.com/jlandowner/helm-chartsnap/pkg/snap/snapshot.go:179.2,182.16 3 1
github.com/jlandowner/helm-chartsnap/pkg/snap/snapshot.go:182.16,184.3 1 0
github.com/jlandowner/helm-chartsnap/pkg/snap/snapshot.go:185.2,185.40 1 1
github.com/jlandowner/helm-chartsnap/pkg/snap/snapshot.go:194.45,196.16 2 2
github.com/jlandowner/helm-chartsnap/pkg/snap/snapshot.go:196.16,198.3 1 0
github.com/jlandowner/helm-chartsnap/pkg/snap/snapshot.go:199.2,200.19 2 2
github.com/jlandowner/helm-chartsnap/pkg/snap/snapshot.go:203.58,206.16 3 6
github.com/jlandowner/helm-chartsnap/pkg/snap/snapshot.go:206.16,208.3 1 1
github.com/jlandowner/helm-chartsnap/pkg/snap/snapshot.go:209.2,209.21 1 5
github.com/jlandowner/helm-chartsnap/pkg/snap/snapshot.go:209.21,211.3 1 0
github.com/jlandowner/helm-chartsnap/pkg/snap/snapshot.go:212.2,212.19 1 5
github.com/jlandowner/helm-chartsnap/pkg/snap/snapshot.go:215.60,219.46 4 1
github.com/jlandowner/helm-chartsnap/pkg/snap/snapshot.go:219.46,221.3 1 0
github.com/jlandowner/helm-chartsnap/pkg/snap/snapshot.go:222.2,222.25 1 1
github.com/jlandowner/helm-chartsnap/pkg/api/v1alpha1/header.go:13.36,15.2 1 1
github.com/jlandowner/helm-chartsnap/pkg/api/v1alpha1/header.go:17.39,23.26 5 1
github.com/jlandowner/helm-chartsnap/pkg/api/v1alpha1/header.go:23.26,25.18 2 3
github.com/jlandowner/helm-chartsnap/pkg/api/v1alpha1/header.go:25.18,26.12 1 2
github.com/jlandowner/helm-chartsnap/pkg/api/v1alpha1/header.go:29.3,32.38 3 1
github.com/jlandowner/helm-chartsnap/pkg/api/v1alpha1/header.go:32.38,34.70 2 1
github.com/jlandowner/helm-chartsnap/pkg/api/v1alpha1/header.go:34.70,36.5 1 1
github.com/jlandowner/helm-chartsnap/pkg/api/v1alpha1/header.go:39.2,39.11 1 1
github.com/jlandowner/helm-chartsnap/pkg/api/v1alpha1/testspec.go:11.81,13.16 2 4
github.com/jlandowner/helm-chartsnap/pkg/api/v1alpha1/testspec.go:13.16,15.3 1 1
github.com/jlandowner/helm-chartsnap/pkg/api/v1alpha1/testspec.go:16.2,19.16 3 3
github.com/jlandowner/helm-chartsnap/pkg/api/v1alpha1/testspec.go:19.16,21.3 1 1
github.com/jlandowner/helm-chartsnap/pkg/api/v1alpha1/testspec.go:22.2,22.12 1 2
github.com/jlandowner/helm-chartsnap/pkg/api/v1alpha1/testspec.go:45.46,46.14 1 2
github.com/jlandowner/helm-chartsnap/pkg/api/v1alpha1/testspec.go:46.14,48.3 1 1
github.com/jlandowner/helm-chartsnap/pkg/api/v1alpha1/testspec.go:48.8,50.3 1 1
github.com/jlandowner/helm-chartsnap/pkg/api/v1alpha1/testspec.go:55.52,59.2 1 1
github.com/jlandowner/helm-chartsnap/pkg/api/v1alpha1/unknown.go:17.48,19.2 1 1
github.com/jlandowner/helm-chartsnap/pkg/api/v1alpha1/unknown.go:25.39,27.2 1 1
github.com/jlandowner/helm-chartsnap/pkg/api/v1alpha1/unknown.go:29.60,37.2 1 1
github.com/jlandowner/helm-chartsnap/pkg/api/v1alpha1/unknown.go:39.42,50.2 1 2
github.com/jlandowner/helm-chartsnap/pkg/api/v1alpha1/unknown.go:52.49,58.2 5 1
github.com/jlandowner/helm-chartsnap/pkg/api/v1alpha1/unknown.go:60.44,62.16 2 1
github.com/jlandowner/helm-chartsnap/pkg/api/v1alpha1/unknown.go:62.16,63.71 1 0
github.com/jlandowner/helm-chartsnap/pkg/api/v1alpha1/unknown.go:65.2,65.10 1 1
github.com/jlandowner/helm-chartsnap/pkg/charts/helm.go:19.50,23.23 2 16
github.com/jlandowner/helm-chartsnap/pkg/charts/helm.go:23.23,25.3 1 13
github.com/jlandowner/helm-chartsnap/pkg/charts/helm.go:26.2,26.24 1 16
github.com/jlandowner/helm-chartsnap/pkg/charts/helm.go:26.24,28.3 1 13
github.com/jlandowner/helm-chartsnap/pkg/charts/helm.go:29.2,29.31 1 16
github.com/jlandowner/helm-chartsnap/pkg/charts/helm.go:29.31,31.3 1 1
github.com/jlandowner/helm-chartsnap/pkg/charts/helm.go:32.2,32.13 1 16
github.com/jlandowner/helm-chartsnap/pkg/charts/helm.go:35.79,45.2 6 16
github.com/jlandowner/helm-chartsnap/pkg/charts/snap.go:31.36,35.2 3 0
github.com/jlandowner/helm-chartsnap/pkg/charts/snap.go:37.25,40.19 3 88
github.com/jlandowner/helm-chartsnap/pkg/charts/snap.go:40.19,42.3 1 1
github.com/jlandowner/helm-chartsnap/pkg/charts/snap.go:43.2,43.15 1 88
github.com/jlandowner/helm-chartsnap/pkg/charts/snap.go:62.51,64.39 2 1
github.com/jlandowner/helm-chartsnap/pkg/charts/snap.go:64.39,66.3 1 0
github.com/jlandowner/helm-chartsnap/pkg/charts/snap.go:67.2,67.12 1 1
github.com/jlandowner/helm-chartsnap/pkg/charts/snap.go:70.70,74.2 3 6
github.com/jlandowner/helm-chartsnap/pkg/charts/snap.go:76.64,78.16 2 4
github.com/jlandowner/helm-chartsnap/pkg/charts/snap.go:78.16,81.3 2 0
github.com/jlandowner/helm-chartsnap/pkg/charts/snap.go:82.2,83.55 2 4
github.com/jlandowner/helm-chartsnap/pkg/charts/snap.go:86.90,87.51 1 11
github.com/jlandowner/helm-chartsnap/pkg/charts/snap.go:87.51,89.3 1 11
github.com/jlandowner/helm-chartsnap/pkg/charts/snap.go:89.8,89.31 1 0
github.com/jlandowner/helm-chartsnap/pkg/charts/snap.go:89.31,91.3 1 0
github.com/jlandowner/helm-chartsnap/pkg/charts/snap.go:91.8,93.3 1 0
github.com/jlandowner/helm-chartsnap/pkg/charts/snap.go:96.2,97.47 2 11
github.com/jlandowner/helm-chartsnap/pkg/charts/snap.go:97.47,99.17 2 10
github.com/jlandowner/helm-chartsnap/pkg/charts/snap.go:99.17,101.4 1 0
github.com/jlandowner/helm-chartsnap/pkg/charts/snap.go:103.2,108.16 4 11
github.com/jlandowner/helm-chartsnap/pkg/charts/snap.go:108.16,109.22 1 0
github.com/jlandowner/helm-chartsnap/pkg/charts/snap.go:109.22,111.4 1 0
github.com/jlandowner/helm-chartsnap/pkg/charts/snap.go:111.9,113.4 1 0
github.com/jlandowner/helm-chartsnap/pkg/charts/snap.go:115.2,118.29 2 11
github.com/jlandowner/helm-chartsnap/pkg/charts/snap.go:118.29,119.44 1 5
github.com/jlandowner/helm-chartsnap/pkg/charts/snap.go:119.44,122.4 1 1
github.com/jlandowner/helm-chartsnap/pkg/charts/snap.go:122.9,122.78 1 4
github.com/jlandowner/helm-chartsnap/pkg/charts/snap.go:122.78,125.4 1 1
github.com/jlandowner/helm-chartsnap/pkg/charts/snap.go:125.9,128.4 1 3
github.com/jlandowner/helm-chartsnap/pkg/charts/snap.go:131.2,131.22 1 11
github.com/jlandowner/helm-chartsnap/pkg/charts/snap.go:131.22,133.44 2 1
github.com/jlandowner/helm-chartsnap/pkg/charts/snap.go:133.44,135.4 1 0
github.com/jlandowner/helm-chartsnap/pkg/charts/snap.go:139.2,141.27 2 11
github.com/jlandowner/helm-chartsnap/pkg/charts/snap.go:142.25,144.36 2 2
github.com/jlandowner/helm-chartsnap/pkg/charts/snap.go:145.25,146.36 1 3
github.com/jlandowner/helm-chartsnap/pkg/charts/snap.go:147.25,148.36 1 6
github.com/jlandowner/helm-chartsnap/pkg/charts/snap.go:149.10,152.36 3 0
github.com/jlandowner/helm-chartsnap/pkg/charts/snap.go:156.113,159.25 2 2
github.com/jlandowner/helm-chartsnap/pkg/charts/snap.go:159.25,160.34 1 2
github.com/jlandowner/helm-chartsnap/pkg/charts/snap.go:160.34,163.4 2 2
github.com/jlandowner/helm-chartsnap/pkg/charts/snap.go:167.2,167.63 1 2
github.com/jlandowner/helm-chartsnap/pkg/charts/snap.go:167.63,169.3 1 0
github.com/jlandowner/helm-chartsnap/pkg/charts/snap.go:171.2,174.16 3 2
github.com/jlandowner/helm-chartsnap/pkg/charts/snap.go:174.16,176.3 1 0
github.com/jlandowner/helm-chartsnap/pkg/charts/snap.go:179.2,184.16 3 2
github.com/jlandowner/helm-chartsnap/pkg/charts/snap.go:184.16,186.3 1 0
github.com/jlandowner/helm-chartsnap/pkg/charts/snap.go:187.2,190.8 1 2
github.com/jlandowner/helm-chartsnap/pkg/charts/snap.go:193.113,196.25 2 3
github.com/jlandowner/helm-chartsnap/pkg/charts/snap.go:196.25,197.34 1 3
github.com/jlandowner/helm-chartsnap/pkg/charts/snap.go:197.34,200.4 2 3
github.com/jlandowner/helm-chartsnap/pkg/charts/snap.go:204.2,204.63 1 3
github.com/jlandowner/helm-chartsnap/pkg/charts/snap.go:204.63,206.3 1 0
github.com/jlandowner/helm-chartsnap/pkg/charts/snap.go:208.2,212.16 4 3
github.com/jlandowner/helm-chartsnap/pkg/charts/snap.go:212.16,214.3 1 0
github.com/jlandowner/helm-chartsnap/pkg/charts/snap.go:215.2,218.16 3 3
github.com/jlandowner/helm-chartsnap/pkg/charts/snap.go:218.16,220.3 1 0
github.com/jlandowner/helm-chartsnap/pkg/charts/snap.go:221.2,224.8 1 3
github.com/jlandowner/helm-chartsnap/pkg/charts/snap.go:227.113,233.16 4 6
github.com/jlandowner/helm-chartsnap/pkg/charts/snap.go:233.16,235.3 1 0
github.com/jlandowner/helm-chartsnap/pkg/charts/snap.go:238.2,238.77 1 6
github.com/jlandowner/helm-chartsnap/pkg/charts/snap.go:238.77,240.3 1 0
github.com/jlandowner/helm-chartsnap/pkg/charts/snap.go:242.2,243.16 2 6
github.com/jlandowner/helm-chartsnap/pkg/charts/snap.go:243.16,245.3 1 0
github.com/jlandowner/helm-chartsnap/pkg/charts/snap.go:247.2,253.16 4 6
github.com/jlandowner/helm-chartsnap/pkg/charts/snap.go:253.16,255.3 1 0
github.com/jlandowner/helm-chartsnap/pkg/charts/snap.go:256.2,259.8 1 6
github.com/jlandowner/helm-chartsnap/pkg/charts/snap.go:262.67,265.22 1 4
github.com/jlandowner/helm-chartsnap/pkg/charts/snap.go:265.22,267.3 1 1
github.com/jlandowner/helm-chartsnap/pkg/charts/snap.go:267.8,269.80 1 3
github.com/jlandowner/helm-chartsnap/pkg/charts/snap.go:269.80,271.4 1 2
github.com/jlandowner/helm-chartsnap/pkg/charts/snap.go:272.3,272.41 1 3
github.com/jlandowner/helm-chartsnap/pkg/charts/snap.go:276.49,277.22 1 10
github.com/jlandowner/helm-chartsnap/pkg/charts/snap.go:277.22,279.3 1 6
github.com/jlandowner/helm-chartsnap/pkg/charts/snap.go:279.8,281.3 1 4
github.com/jlandowner/helm-chartsnap/pkg/charts/snap.go:284.54,286.2 1 5
github.com/jlandowner/helm-chartsnap/pkg/unstructured/v1/legacy.go:16.56,17.44 1 2
github.com/jlandowner/helm-chartsnap/pkg/unstructured/v1/legacy.go:17.44,18.55 1 36
github.com/jlandowner/helm-chartsnap/pkg/unstructured/v1/legacy.go:18.55,20.4 1 24
github.com/jlandowner/helm-chartsnap/pkg/unstructured/v1/legacy.go:21.3,21.43 1 12
github.com/jlandowner/helm-chartsnap/pkg/unstructured/v1/legacy.go:21.43,23.4 1 12
github.com/jlandowner/helm-chartsnap/pkg/unstructured/v1/legacy.go:24.3,24.45 1 0
github.com/jlandowner/helm-chartsnap/pkg/unstructured/v1/legacy.go:26.2,26.26 1 2
github.com/jlandowner/helm-chartsnap/pkg/unstructured/v1/legacy.go:30.50,32.34 2 14
github.com/jlandowner/helm-chartsnap/pkg/unstructured/v1/legacy.go:32.34,34.25 2 52
github.com/jlandowner/helm-chartsnap/pkg/unstructured/v1/legacy.go:34.25,36.4 1 14
github.com/jlandowner/helm-chartsnap/pkg/unstructured/v1/legacy.go:38.2,38.11 1 0
github.com/jlandowner/helm-chartsnap/pkg/unstructured/v1/legacy.go:42.50,45.34 3 14
github.com/jlandowner/helm-chartsnap/pkg/unstructured/v1/legacy.go:45.34,46.47 1 76
github.com/jlandowner/helm-chartsnap/pkg/unstructured/v1/legacy.go:46.47,47.42 1 14
github.com/jlandowner/helm-chartsnap/pkg/unstructured/v1/legacy.go:47.42,49.27 2 100
github.com/jlandowner/helm-chartsnap/pkg/unstructured/v1/legacy.go:49.27,51.6 1 12
github.com/jlandowner/helm-chartsnap/pkg/unstructured/v1/legacy.go:53.4,53.13 1 2
github.com/jlandowner/helm-chartsnap/pkg/unstructured/v1/legacy.go:56.2,56.11 1 0
github.com/jlandowner/helm-chartsnap/pkg/unstructured/v1/legacy.go:63.48,74.26 4 2
github.com/jlandowner/helm-chartsnap/pkg/unstructured/v1/legacy.go:74.26,75.25 1 296
github.com/jlandowner/helm-chartsnap/pkg/unstructured/v1/legacy.go:75.25,78.12 2 0
github.com/jlandowner/helm-chartsnap/pkg/unstructured/v1/legacy.go:81.3,81.39 1 296
github.com/jlandowner/helm-chartsnap/pkg/unstructured/v1/legacy.go:81.39,84.4 2 14
github.com/jlandowner/helm-chartsnap/pkg/unstructured/v1/legacy.go:86.3,86.32 1 296
github.com/jlandowner/helm-chartsnap/pkg/unstructured/v1/legacy.go:86.32,90.51 2 0
github.com/jlandowner/helm-chartsnap/pkg/unstructured/v1/legacy.go:90.51,95.70 2 0
github.com/jlandowner/helm-chartsnap/pkg/unstructured/v1/legacy.go:95.70,97.6 1 0
github.com/jlandowner/helm-chartsnap/pkg/unstructured/v1/legacy.go:99.4,99.33 1 0
github.com/jlandowner/helm-chartsnap/pkg/unstructured/v1/legacy.go:101.9,102.22 1 296
github.com/jlandowner/helm-chartsnap/pkg/unstructured/v1/legacy.go:102.22,106.70 2 0
github.com/jlandowner/helm-chartsnap/pkg/unstructured/v1/legacy.go:106.70,108.6 1 0
github.com/jlandowner/helm-chartsnap/pkg/unstructured/v1/legacy.go:110.5,110.25 1 0
github.com/jlandowner/helm-chartsnap/pkg/unstructured/v1/legacy.go:114.2,114.20 1 2
github.com/jlandowner/helm-chartsnap/pkg/unstructured/v1/legacy.go:117.38,118.26 1 0
github.com/jlandowner/helm-chartsnap/pkg/unstructured/v1/legacy.go:118.26,120.3 1 0
github.com/jlandowner/helm-chartsnap/pkg/unstructured/v1/legacy.go:120.8,120.20 1 0
github.com/jlandowner/helm-chartsnap/pkg/unstructured/v1/legacy.go:120.20,122.3 1 0
github.com/jlandowner/helm-chartsnap/pkg/unstructured/v1/legacy.go:122.8,124.3 1 0
github.com/jlandowner/helm-chartsnap/pkg/unstructured/v1/legacy.go:127.46,128.17 1 0
github.com/jlandowner/helm-chartsnap/pkg/unstructured/v1/legacy.go:129.24,130.51 1 0
github.com/jlandowner/helm-chartsnap/pkg/unstructured/v1/legacy.go:131.25,132.53 1 0
github.com/jlandowner/helm-chartsnap/pkg/unstructured/v1/legacy.go:133.10,134.32 1 0
github.com/jlandowner/helm-chartsnap/pkg/unstructured/diff.go:12.55,14.25 2 1
github.com/jlandowner/helm-chartsnap/pkg/unstructured/diff.go:14.25,15.43 1 3
github.com/jlandowner/helm-chartsnap/pkg/unstructured/diff.go:15.43,17.4 1 2
github.com/jlandowner/helm-chartsnap/pkg/unstructured/diff.go:19.2,19.15 1 1
github.com/jlandowner/helm-chartsnap/pkg/unstructured/diff.go:26.48,34.26 4 2
github.com/jlandowner/helm-chartsnap/pkg/unstructured/diff.go:34.26,35.25 1 332
github.com/jlandowner/helm-chartsnap/pkg/unstructured/diff.go:35.25,38.12 2 166
github.com/jlandowner/helm-chartsnap/pkg/unstructured/diff.go:42.3,42.36 1 166
github.com/jlandowner/helm-chartsnap/pkg/unstructured/diff.go:42.36,44.27 1 6
github.com/jlandowner/helm-chartsnap/pkg/unstructured/diff.go:44.27,49.5 2 3
github.com/jlandowner/helm-chartsnap/pkg/unstructured/diff.go:53.4,53.26 1 6
github.com/jlandowner/helm-chartsnap/pkg/unstructured/diff.go:55.3,60.32 3 166
github.com/jlandowner/helm-chartsnap/pkg/unstructured/diff.go:60.32,64.52 2 55
github.com/jlandowner/helm-chartsnap/pkg/unstructured/diff.go:64.52,69.84 2 7
github.com/jlandowner/helm-chartsnap/pkg/unstructured/diff.go:69.84,71.6 1 11
github.com/jlandowner/helm-chartsnap/pkg/unstructured/diff.go:73.4,73.32 1 55
github.com/jlandowner/helm-chartsnap/pkg/unstructured/diff.go:75.9,76.27 1 111
github.com/jlandowner/helm-chartsnap/pkg/unstructured/diff.go:76.27,80.70 2 3
github.com/jlandowner/helm-chartsnap/pkg/unstructured/diff.go:80.70,82.6 1 9
github.com/jlandowner/helm-chartsnap/pkg/unstructured/diff.go:84.5,84.25 1 3
github.com/jlandowner/helm-chartsnap/pkg/unstructured/diff.go:88.2,88.20 1 2
github.com/jlandowner/helm-chartsnap/pkg/unstructured/diff.go:107.57,110.34 1 166
github.com/jlandowner/helm-chartsnap/pkg/unstructured/diff.go:110.34,112.3 1 131
github.com/jlandowner/helm-chartsnap/pkg/unstructured/diff.go:115.61,119.2 3 8
github.com/jlandowner/helm-chartsnap/pkg/unstructured/diff.go:121.33,123.2 1 55
github.com/jlandowner/helm-chartsnap/pkg/unstructured/diff.go:125.31,127.2 1 6
github.com/jlandowner/helm-chartsnap/pkg/unstructured/diff.go:129.36,131.2 1 7
github.com/jlandowner/helm-chartsnap/pkg/unstructured/diff.go:133.38,134.26 1 19
github.com/jlandowner/helm-chartsnap/pkg/unstructured/diff.go:134.26,136.3 1 15
github.com/jlandowner/helm-chartsnap/pkg/unstructured/diff.go:136.8,136.20 1 4
github.com/jlandowner/helm-chartsnap/pkg/unstructured/diff.go:136.20,138.3 1 4
github.com/jlandowner/helm-chartsnap/pkg/unstructured/diff.go:138.8,140.3 1 0
github.com/jlandowner/helm-chartsnap/pkg/unstructured/diff.go:143.45,144.17 1 222
github.com/jlandowner/helm-chartsnap/pkg/unstructured/diff.go:145.24,146.51 1 41
github.com/jlandowner/helm-chartsnap/pkg/unstructured/diff.go:147.25,148.53 1 70
github.com/jlandowner/helm-chartsnap/pkg/unstructured/diff.go:149.10,150.32 1 111
github.com/jlandowner/helm-chartsnap/pkg/unstructured/diff.go:154.55,156.2 1 8
github.com/jlandowner/helm-chartsnap/pkg/unstructured/diff.go:158.54,159.34 1 9
github.com/jlandowner/helm-chartsnap/pkg/unstructured/diff.go:159.34,161.25 2 29
github.com/jlandowner/helm-chartsnap/pkg/unstructured/diff.go:161.25,163.4 1 9
github.com/jlandowner/helm-chartsnap/pkg/unstructured/diff.go:165.2,165.11 1 0
github.com/jlandowner/helm-chartsnap/pkg/unstructured/diff.go:168.54,169.34 1 9
github.com/jlandowner/helm-chartsnap/pkg/unstructured/diff.go:169.34,170.44 1 65
github.com/jlandowner/helm-chartsnap/pkg/unstructured/diff.go:170.44,171.42 1 9
github.com/jlandowner/helm-chartsnap/pkg/unstructured/diff.go:171.42,173.27 2 55
github.com/jlandowner/helm-chartsnap/pkg/unstructured/diff.go:173.27,175.6 1 8
github.com/jlandowner/helm-chartsnap/pkg/unstructured/diff.go:177.4,177.13 1 1
github.com/jlandowner/helm-chartsnap/pkg/unstructured/diff.go:180.2,180.11 1 0
github.com/jlandowner/helm-chartsnap/pkg/unstructured/unstructured.go:26.36,30.2 3 0
github.com/jlandowner/helm-chartsnap/pkg/unstructured/unstructured.go:32.25,35.19 3 166
github.com/jlandowner/helm-chartsnap/pkg/unstructured/unstructured.go:35.19,37.3 1 1
github.com/jlandowner/helm-chartsnap/pkg/unstructured/unstructured.go:38.2,38.15 1 166
github.com/jlandowner/helm-chartsnap/pkg/unstructured/unstructured.go:41.56,46.24 4 1
github.com/jlandowner/helm-chartsnap/pkg/unstructured/unstructured.go:46.24,47.46 1 2
github.com/jlandowner/helm-chartsnap/pkg/unstructured/unstructured.go:47.46,49.4 1 0
github.com/jlandowner/helm-chartsnap/pkg/unstructured/unstructured.go:51.2,51.36 1 1
github.com/jlandowner/helm-chartsnap/pkg/unstructured/unstructured.go:51.36,53.3 1 0
github.com/jlandowner/helm-chartsnap/pkg/unstructured/unstructured.go:55.2,55.25 1 1
github.com/jlandowner/helm-chartsnap/pkg/unstructured/unstructured.go:58.61,63.32 4 2
github.com/jlandowner/helm-chartsnap/pkg/unstructured/unstructured.go:63.32,64.33 1 6
github.com/jlandowner/helm-chartsnap/pkg/unstructured/unstructured.go:64.33,65.12 1 0
github.com/jlandowner/helm-chartsnap/pkg/unstructured/unstructured.go:68.3,69.47 2 6
github.com/jlandowner/helm-chartsnap/pkg/unstructured/unstructured.go:69.47,72.45 3 11
github.com/jlandowner/helm-chartsnap/pkg/unstructured/unstructured.go:72.45,74.10 2 6
github.com/jlandowner/helm-chartsnap/pkg/unstructured/unstructured.go:77.3,77.12 1 6
github.com/jlandowner/helm-chartsnap/pkg/unstructured/unstructured.go:77.12,78.12 1 0
github.com/jlandowner/helm-chartsnap/pkg/unstructured/unstructured.go:80.3,81.17 2 6
github.com/jlandowner/helm-chartsnap/pkg/unstructured/unstructured.go:81.17,85.4 3 0
github.com/jlandowner/helm-chartsnap/pkg/unstructured/unstructured.go:86.3,86.38 1 6
github.com/jlandowner/helm-chartsnap/pkg/unstructured/unstructured.go:89.2,89.24 1 2
github.com/jlandowner/helm-chartsnap/pkg/unstructured/unstructured.go:92.88,93.36 1 1
github.com/jlandowner/helm-chartsnap/pkg/unstructured/unstructured.go:93.36,94.33 1 7
github.com/jlandowner/helm-chartsnap/pkg/unstructured/unstructured.go:94.33,97.29 1 28
github.com/jlandowner/helm-chartsnap/pkg/unstructured/unstructured.go:97.29,98.34 1 4
github.com/jlandowner/helm-chartsnap/pkg/unstructured/unstructured.go:98.34,100.20 2 4
github.com/jlandowner/helm-chartsnap/pkg/unstructured/unstructured.go:100.20,102.7 1 0
github.com/jlandowner/helm-chartsnap/pkg/unstructured/unstructured.go:103.6,103.28 1 4
github.com/jlandowner/helm-chartsnap/pkg/unstructured/unstructured.go:108.2,108.12 1 1
github.com/jlandowner/helm-chartsnap/pkg/unstructured/unstructured.go:111.88,114.16 3 5
github.com/jlandowner/helm-chartsnap/pkg/unstructured/unstructured.go:114.16,116.3 1 0
github.com/jlandowner/helm-chartsnap/pkg/unstructured/unstructured.go:119.2,120.16 2 5
github.com/jlandowner/helm-chartsnap/pkg/unstructured/unstructured.go:120.16,122.3 1 0
github.com/jlandowner/helm-chartsnap/pkg/unstructured/unstructured.go:124.2,125.16 2 5
github.com/jlandowner/helm-chartsnap/pkg/unstructured/unstructured.go:125.16,127.3 1 0
github.com/jlandowner/helm-chartsnap/pkg/unstructured/unstructured.go:129.2,131.24 2 5
github.com/jlandowner/helm-chartsnap/pkg/unstructured/unstructured.go:134.96,136.2 1 6
github.com/jlandowner/helm-chartsnap/pkg/unstructured/unstructured.go:138.95,142.16 4 11
github.com/jlandowner/helm-chartsnap/pkg/unstructured/unstructured.go:142.16,144.3 1 0
github.com/jlandowner/helm-chartsnap/pkg/unstructured/unstructured.go:145.2,145.22 1 11
github.com/jlandowner/helm-chartsnap/pkg/unstructured/unstructured.go:148.72,150.2 1 5
github.com/jlandowner/helm-chartsnap/pkg/snap/gomega/object_snapshot.go:9.54,14.2 4 1
github.com/jlandowner/helm-chartsnap/pkg/snap/gomega/object_snapshot.go:16.43,24.43 7 1
github.com/jlandowner/helm-chartsnap/pkg/snap/gomega/object_snapshot.go:24.43,27.3 2 1
github.com/jlandowner/helm-chartsnap/pkg/snap/gomega/object_snapshot.go:28.2,28.33 1 1
github.com/jlandowner/helm-chartsnap/pkg/snap/gomega/snap.go:21.42,37.2 11 2
github.com/jlandowner/helm-chartsnap/pkg/yaml/diff.go:12.55,14.25 2 1
github.com/jlandowner/helm-chartsnap/pkg/yaml/diff.go:14.25,15.43 1 3
github.com/jlandowner/helm-chartsnap/pkg/yaml/diff.go:15.43,17.4 1 2
github.com/jlandowner/helm-chartsnap/pkg/yaml/diff.go:19.2,19.15 1 1
github.com/jlandowner/helm-chartsnap/pkg/yaml/diff.go:26.48,34.26 4 2
github.com/jlandowner/helm-chartsnap/pkg/yaml/diff.go:34.26,35.25 1 332
github.com/jlandowner/helm-chartsnap/pkg/yaml/diff.go:35.25,38.12 2 166
github.com/jlandowner/helm-chartsnap/pkg/yaml/diff.go:41.3,44.36 2 166
github.com/jlandowner/helm-chartsnap/pkg/yaml/diff.go:44.36,46.27 1 6
github.com/jlandowner/helm-chartsnap/pkg/yaml/diff.go:46.27,51.5 2 0
github.com/jlandowner/helm-chartsnap/pkg/yaml/diff.go:55.4,57.12 2 6
github.com/jlandowner/helm-chartsnap/pkg/yaml/diff.go:60.3,63.27 2 160
github.com/jlandowner/helm-chartsnap/pkg/yaml/diff.go:63.27,64.33 1 114
github.com/jlandowner/helm-chartsnap/pkg/yaml/diff.go:64.33,71.84 3 7
github.com/jlandowner/helm-chartsnap/pkg/yaml/diff.go:71.84,72.46 1 11
github.com/jlandowner/helm-chartsnap/pkg/yaml/diff.go:72.46,73.15 1 0
github.com/jlandowner/helm-chartsnap/pkg/yaml/diff.go:75.6,75.51 1 11
github.com/jlandowner/helm-chartsnap/pkg/yaml/diff.go:78.5,78.33 1 7
github.com/jlandowner/helm-chartsnap/pkg/yaml/diff.go:81.9,86.75 3 46
github.com/jlandowner/helm-chartsnap/pkg/yaml/diff.go:86.75,87.41 1 57
github.com/jlandowner/helm-chartsnap/pkg/yaml/diff.go:87.41,89.11 2 39
github.com/jlandowner/helm-chartsnap/pkg/yaml/diff.go:92.4,92.21 1 46
github.com/jlandowner/helm-chartsnap/pkg/yaml/diff.go:92.21,96.76 2 7
github.com/jlandowner/helm-chartsnap/pkg/yaml/diff.go:96.76,97.46 1 12
github.com/jlandowner/helm-chartsnap/pkg/yaml/diff.go:97.46,98.12 1 3
github.com/jlandowner/helm-chartsnap/pkg/yaml/diff.go:100.6,100.51 1 9
github.com/jlandowner/helm-chartsnap/pkg/yaml/diff.go:103.5,103.25 1 7
github.com/jlandowner/helm-chartsnap/pkg/yaml/diff.go:107.2,107.20 1 2
github.com/jlandowner/helm-chartsnap/pkg/yaml/diff.go:126.57,129.34 1 166
github.com/jlandowner/helm-chartsnap/pkg/yaml/diff.go:129.34,131.3 1 131
github.com/jlandowner/helm-chartsnap/pkg/yaml/diff.go:134.61,138.2 3 8
github.com/jlandowner/helm-chartsnap/pkg/yaml/diff.go:140.33,142.2 1 7
github.com/jlandowner/helm-chartsnap/pkg/yaml/diff.go:144.31,146.2 1 7
github.com/jlandowner/helm-chartsnap/pkg/yaml/diff.go:148.36,150.2 1 7
github.com/jlandowner/helm-chartsnap/pkg/yaml/diff.go:152.38,153.26 1 87
github.com/jlandowner/helm-chartsnap/pkg/yaml/diff.go:153.26,155.3 1 81
github.com/jlandowner/helm-chartsnap/pkg/yaml/diff.go:155.8,155.20 1 6
github.com/jlandowner/helm-chartsnap/pkg/yaml/diff.go:155.20,157.3 1 4
github.com/jlandowner/helm-chartsnap/pkg/yaml/diff.go:157.8,159.3 1 2
github.com/jlandowner/helm-chartsnap/pkg/yaml/diff.go:162.45,163.17 1 220
github.com/jlandowner/helm-chartsnap/pkg/yaml/diff.go:164.24,165.51 1 40
github.com/jlandowner/helm-chartsnap/pkg/yaml/diff.go:166.25,167.53 1 69
github.com/jlandowner/helm-chartsnap/pkg/yaml/diff.go:168.10,169.32 1 111
github.com/jlandowner/helm-chartsnap/pkg/yaml/diff.go:173.55,175.2 1 8
github.com/jlandowner/helm-chartsnap/pkg/yaml/diff.go:177.54,178.34 1 9
github.com/jlandowner/helm-chartsnap/pkg/yaml/diff.go:178.34,180.25 2 29
github.com/jlandowner/helm-chartsnap/pkg/yaml/diff.go:180.25,182.4 1 9
github.com/jlandowner/helm-chartsnap/pkg/yaml/diff.go:184.2,184.11 1 0
github.com/jlandowner/helm-chartsnap/pkg/yaml/diff.go:187.54,188.34 1 9
github.com/jlandowner/helm-chartsnap/pkg/yaml/diff.go:188.34,189.44 1 65
github.com/jlandowner/helm-chartsnap/pkg/yaml/diff.go:189.44,190.42 1 9
github.com/jlandowner/helm-chartsnap/pkg/yaml/diff.go:190.42,192.27 2 55
github.com/jlandowner/helm-chartsnap/pkg/yaml/diff.go:192.27,194.6 1 8
github.com/jlandowner/helm-chartsnap/pkg/yaml/diff.go:196.4,196.13 1 1
github.com/jlandowner/helm-chartsnap/pkg/yaml/diff.go:199.2,199.11 1 0
github.com/jlandowner/helm-chartsnap/pkg/yaml/yaml.go:23.36,27.2 3 0
github.com/jlandowner/helm-chartsnap/pkg/yaml/yaml.go:29.25,32.19 3 163
github.com/jlandowner/helm-chartsnap/pkg/yaml/yaml.go:32.19,34.3 1 1
github.com/jlandowner/helm-chartsnap/pkg/yaml/yaml.go:35.2,35.15 1 163
github.com/jlandowner/helm-chartsnap/pkg/yaml/yaml.go:38.54,43.2 3 4
github.com/jlandowner/helm-chartsnap/pkg/yaml/yaml.go:45.55,47.16 2 4
github.com/jlandowner/helm-chartsnap/pkg/yaml/yaml.go:47.16,50.17 3 1
github.com/jlandowner/helm-chartsnap/pkg/yaml/yaml.go:50.17,52.4 1 0
github.com/jlandowner/helm-chartsnap/pkg/yaml/yaml.go:55.2,56.16 2 4
github.com/jlandowner/helm-chartsnap/pkg/yaml/yaml.go:56.16,58.3 1 0
github.com/jlandowner/helm-chartsnap/pkg/yaml/yaml.go:59.2,59.17 1 4
github.com/jlandowner/helm-chartsnap/pkg/yaml/yaml.go:62.47,69.2 1 5
github.com/jlandowner/helm-chartsnap/pkg/yaml/yaml.go:71.91,72.36 1 1
github.com/jlandowner/helm-chartsnap/pkg/yaml/yaml.go:72.36,73.28 1 7
github.com/jlandowner/helm-chartsnap/pkg/yaml/yaml.go:73.28,76.29 1 35
github.com/jlandowner/helm-chartsnap/pkg/yaml/yaml.go:76.29,77.34 1 4
github.com/jlandowner/helm-chartsnap/pkg/yaml/yaml.go:77.34,79.20 2 4
github.com/jlandowner/helm-chartsnap/pkg/yaml/yaml.go:79.20,81.7 1 0
github.com/jlandowner/helm-chartsnap/pkg/yaml/yaml.go:86.2,86.12 1 1
github.com/jlandowner/helm-chartsnap/pkg/yaml/yaml.go:89.52,93.32 3 1
github.com/jlandowner/helm-chartsnap/pkg/yaml/yaml.go:93.32,94.88 1 6
github.com/jlandowner/helm-chartsnap/pkg/yaml/yaml.go:94.88,96.4 1 5
github.com/jlandowner/helm-chartsnap/pkg/yaml/yaml.go:96.9,100.4 3 1
github.com/jlandowner/helm-chartsnap/pkg/yaml/yaml.go:102.2,102.46 1 1
github.com/jlandowner/helm-chartsnap/pkg/yaml/yaml.go:105.63,106.25 1 4
github.com/jlandowner/helm-chartsnap/pkg/yaml/yaml.go:106.25,107.24 1 22
github.com/jlandowner/helm-chartsnap/pkg/yaml/yaml.go:107.24,113.4 5 1
github.com/jlandowner/helm-chartsnap/pkg/yaml/yaml.go:115.2,115.12 1 4
github.com/jlandowner/helm-chartsnap/pkg/yaml/yaml.go:120.57,122.2 1 4
github.com/jlandowner/helm-chartsnap/main.go:53.31,55.16 2 29
github.com/jlandowner/helm-chartsnap/main.go:55.16,57.3 1 25
github.com/jlandowner/helm-chartsnap/main.go:58.2,58.20 1 4
github.com/jlandowner/helm-chartsnap/main.go:61.37,63.25 2 18
github.com/jlandowner/helm-chartsnap/main.go:63.25,65.3 1 0
github.com/jlandowner/helm-chartsnap/main.go:66.2,66.24 1 18
github.com/jlandowner/helm-chartsnap/main.go:69.35,71.19 2 18
github.com/jlandowner/helm-chartsnap/main.go:71.19,73.3 1 0
github.com/jlandowner/helm-chartsnap/main.go:74.2,74.15 1 18
github.com/jlandowner/helm-chartsnap/main.go:77.30,78.22 1 24
github.com/jlandowner/helm-chartsnap/main.go:78.22,80.3 1 0
github.com/jlandowner/helm-chartsnap/main.go:81.2,81.18 1 24
github.com/jlandowner/helm-chartsnap/main.go:85.43,87.22 1 18
github.com/jlandowner/helm-chartsnap/main.go:87.22,89.3 1 0
github.com/jlandowner/helm-chartsnap/main.go:89.8,91.3 1 18
github.com/jlandowner/helm-chartsnap/main.go:94.13,96.2 1 1
github.com/jlandowner/helm-chartsnap/main.go:98.20,172.67 8 19
github.com/jlandowner/helm-chartsnap/main.go:172.67,173.13 1 0
github.com/jlandowner/helm-chartsnap/main.go:175.2,175.68 1 19
github.com/jlandowner/helm-chartsnap/main.go:175.68,176.13 1 0
github.com/jlandowner/helm-chartsnap/main.go:178.2,182.72 5 19
github.com/jlandowner/helm-chartsnap/main.go:182.72,183.13 1 0
github.com/jlandowner/helm-chartsnap/main.go:185.2,189.74 5 19
github.com/jlandowner/helm-chartsnap/main.go:189.74,190.13 1 0
github.com/jlandowner/helm-chartsnap/main.go:192.2,195.121 4 19
github.com/jlandowner/helm-chartsnap/main.go:198.13,199.42 1 0
github.com/jlandowner/helm-chartsnap/main.go:199.42,202.3 2 0
github.com/jlandowner/helm-chartsnap/main.go:205.33,209.38 1 15
github.com/jlandowner/helm-chartsnap/main.go:209.38,210.17 1 15
github.com/jlandowner/helm-chartsnap/main.go:210.17,212.5 1 1
github.com/jlandowner/helm-chartsnap/main.go:213.4,213.25 1 14
github.com/jlandowner/helm-chartsnap/main.go:218.74,220.39 2 5
github.com/jlandowner/helm-chartsnap/main.go:220.39,221.17 1 0
github.com/jlandowner/helm-chartsnap/main.go:221.17,223.4 1 0
github.com/jlandowner/helm-chartsnap/main.go:223.9,225.4 1 0
github.com/jlandowner/helm-chartsnap/main.go:227.2,228.12 2 5
github.com/jlandowner/helm-chartsnap/main.go:231.51,237.33 5 15
github.com/jlandowner/helm-chartsnap/main.go:237.33,238.36 1 629
github.com/jlandowner/helm-chartsnap/main.go:238.36,241.4 2 13
github.com/jlandowner/helm-chartsnap/main.go:244.2,244.84 1 15
github.com/jlandowner/helm-chartsnap/main.go:244.84,249.3 1 1
github.com/jlandowner/helm-chartsnap/main.go:251.2,252.49 2 15
github.com/jlandowner/helm-chartsnap/main.go:252.49,253.64 1 0
github.com/jlandowner/helm-chartsnap/main.go:253.64,255.4 1 0
github.com/jlandowner/helm-chartsnap/main.go:258.2,259.24 2 15
github.com/jlandowner/helm-chartsnap/main.go:259.24,261.17 2 9
github.com/jlandowner/helm-chartsnap/main.go:261.17,262.26 1 1
github.com/jlandowner/helm-chartsnap/main.go:262.26,264.5 1 1
github.com/jlandowner/helm-chartsnap/main.go:265.4,265.77 1 0
github.com/jlandowner/helm-chartsnap/main.go:268.3,268.19 1 8
github.com/jlandowner/helm-chartsnap/main.go:268.19,271.18 2 2
github.com/jlandowner/helm-chartsnap/main.go:271.18,273.5 1 0
github.com/jlandowner/helm-chartsnap/main.go:274.4,275.28 2 2
github.com/jlandowner/helm-chartsnap/main.go:275.28,277.33 1 10
github.com/jlandowner/helm-chartsnap/main.go:277.33,278.87 1 2
github.com/jlandowner/helm-chartsnap/main.go:278.87,280.7 1 0
github.com/jlandowner/helm-chartsnap/main.go:281.6,281.14 1 2
github.com/jlandowner/helm-chartsnap/main.go:285.5,285.59 1 8
github.com/jlandowner/helm-chartsnap/main.go:285.59,287.6 1 6
github.com/jlandowner/helm-chartsnap/main.go:289.9,294.45 3 6
github.com/jlandowner/helm-chartsnap/main.go:294.45,295.60 1 3
github.com/jlandowner/helm-chartsnap/main.go:295.60,297.6 1 0
github.com/jlandowner/helm-chartsnap/main.go:302.2,303.17 2 14
github.com/jlandowner/helm-chartsnap/main.go:303.17,306.3 1 14
github.com/jlandowner/helm-chartsnap/main.go:308.2,309.15 2 14
github.com/jlandowner/helm-chartsnap/main.go:309.15,312.3 1 1
github.com/jlandowner/helm-chartsnap/main.go:313.2,313.27 1 14
github.com/jlandowner/helm-chartsnap/main.go:313.27,324.22 3 18
github.com/jlandowner/helm-chartsnap/main.go:324.22,326.25 2 18
github.com/jlandowner/helm-chartsnap/main.go:326.25,328.5 1 0
github.com/jlandowner/helm-chartsnap/main.go:328.10,330.5 1 18
github.com/jlandowner/helm-chartsnap/main.go:332.4,343.18 3 18
github.com/jlandowner/helm-chartsnap/main.go:343.18,346.5 2 1
github.com/jlandowner/helm-chartsnap/main.go:347.4,347.21 1 17
github.com/jlandowner/helm-chartsnap/main.go:347.21,351.5 3 3
github.com/jlandowner/helm-chartsnap/main.go:352.4,353.14 2 14
github.com/jlandowner/helm-chartsnap/main.go:357.2,357.34 1 14
github.com/jlandowner/helm-chartsnap/main.go:357.34,359.3 1 4
github.com/jlandowner/helm-chartsnap/main.go:360.2,362.12 2 10
github.com/jlandowner/helm-chartsnap/main.go:365.101,370.2 4 46
github.com/jlandowner/helm-chartsnap/main.go:372.35,377.37 4 15
github.com/jlandowner/helm-chartsnap/main.go:377.37,380.3 2 210
github.com/jlandowner/helm-chartsnap/main.go:382.2,382.16 1 15
github.com/jlandowner/helm-chartsnap/pkg/unstructured/v1/legacy.go:16.56,17.44 1 0
github.com/jlandowner/helm-chartsnap/pkg/unstructured/v1/legacy.go:17.44,18.55 1 0
github.com/jlandowner/helm-chartsnap/pkg/unstructured/v1/legacy.go:18.55,20.4 1 0
github.com/jlandowner/helm-chartsnap/pkg/unstructured/v1/legacy.go:21.3,21.43 1 0
github.com/jlandowner/helm-chartsnap/pkg/unstructured/v1/legacy.go:21.43,23.4 1 0
github.com/jlandowner/helm-chartsnap/pkg/unstructured/v1/legacy.go:24.3,24.45 1 0
github.com/jlandowner/helm-chartsnap/pkg/unstructured/v1/legacy.go:26.2,26.26 1 0
github.com/jlandowner/helm-chartsnap/pkg/unstructured/v1/legacy.go:30.50,32.34 2 0
github.com/jlandowner/helm-chartsnap/pkg/unstructured/v1/legacy.go:32.34,34.25 2 0
github.com/jlandowner/helm-chartsnap/pkg/unstructured/v1/legacy.go:34.25,36.4 1 0
github.com/jlandowner/helm-chartsnap/pkg/unstructured/v1/legacy.go:38.2,38.11 1 0
github.com/jlandowner/helm-chartsnap/pkg/unstructured/v1/legacy.go:42.50,45.34 3 0
github.com/jlandowner/helm-chartsnap/pkg/unstructured/v1/legacy.go:45.34,46.47 1 0
github.com/jlandowner/helm-chartsnap/pkg/unstructured/v1/legacy.go:46.47,47.42 1 0
github.com/jlandowner/helm-chartsnap/pkg/unstructured/v1/legacy.go:47.42,49.27 2 0
github.com/jlandowner/helm-chartsnap/pkg/unstructured/v1/legacy.go:49.27,51.6 1 0
github.com/jlandowner/helm-chartsnap/pkg/unstructured/v1/legacy.go:53.4,53.13 1 0
github.com/jlandowner/helm-chartsnap/pkg/unstructured/v1/legacy.go:56.2,56.11 1 0
github.com/jlandowner/helm-chartsnap/pkg/unstructured/v1/legacy.go:63.48,74.26 4 0
github.com/jlandowner/helm-chartsnap/pkg/unstructured/v1/legacy.go:74.26,75.25 1 0
github.com/jlandowner/helm-chartsnap/pkg/unstructured/v1/legacy.go:75.25,78.12 2 0
github.com/jlandowner/helm-chartsnap/pkg/unstructured/v1/legacy.go:81.3,81.39 1 0
github.com/jlandowner/helm-chartsnap/pkg/unstructured/v1/legacy.go:81.39,84.4 2 0
github.com/jlandowner/helm-chartsnap/pkg/unstructured/v1/legacy.go:86.3,86.32 1 0
github.com/jlandowner/helm-chartsnap/pkg/unstructured/v1/legacy.go:86.32,90.51 2 0
github.com/jlandowner/helm-chartsnap/pkg/unstructured/v1/legacy.go:90.51,95.70 2 0
github.com/jlandowner/helm-chartsnap/pkg/unstructured/v1/legacy.go:95.70,97.6 1 0
github.com/jlandowner/helm-chartsnap/pkg/unstructured/v1/legacy.go:99.4,99.33 1 0
github.com/jlandowner/helm-chartsnap/pkg/unstructured/v1/legacy.go:101.9,102.22 1 0
github.com/jlandowner/helm-chartsnap/pkg/unstructured/v1/legacy.go:102.22,106.70 2 0
github.com/jlandowner/helm-chartsnap/pkg/unstructured/v1/legacy.go:106.70,108.6 1 0
github.com/jlandowner/helm-chartsnap/pkg/unstructured/v1/legacy.go:110.5,110.25 1 0
github.com/jlandowner/helm-chartsnap/pkg/unstructured/v1/legacy.go:114.2,114.20 1 0
github.com/jlandowner/helm-chartsnap/pkg/unstructured/v1/legacy.go:117.38,118.26 1 0
github.com/jlandowner/helm-chartsnap/pkg/unstructured/v1/legacy.go:118.26,120.3 1 0
github.com/jlandowner/helm-chartsnap/pkg/unstructured/v1/legacy.go:120.8,120.20 1 0
github.com/jlandowner/helm-chartsnap/pkg/unstructured/v1/legacy.go:120.20,122.3 1 0
github.com/jlandowner/helm-chartsnap/pkg/unstructured/v1/legacy.go:122.8,124.3 1 0
github.com/jlandowner/helm-chartsnap/pkg/unstructured/v1/legacy.go:127.46,128.17 1 0
github.com/jlandowner/helm-chartsnap/pkg/unstructured/v1/legacy.go:129.24,130.51 1 0
github.com/jlandowner/helm-chartsnap/pkg/unstructured/v1/legacy.go:131.25,132.53 1 0
github.com/jlandowner/helm-chartsnap/pkg/unstructured/v1/legacy.go:133.10,134.32 1 0
