mode: atomic
github.com/jlandowner/helm-chartsnap/pkg/unstructured/v1/legacy.go:16.56,17.44 1 0
github.com/jlandowner/helm-chartsnap/pkg/unstructured/v1/legacy.go:17.44,18.55 1 0
github.com/jlandowner/helm-chartsnap/pkg/unstructured/v1/legacy.go:18.55,20.4 1 0
github.com/jlandowner/helm-chartsnap/pkg/unstructured/v1/legacy.go:21.3,21.43 1 0
github.com/jlandowner/helm-chartsnap/pkg/unstructured/v1/legacy.go:21.43,23.4 1 0
github.com/jlandowner/helm-chartsnap/pkg/unstructured/v1/legacy.go:24.3,24.45 1 0
github.com/jlandowner/helm-chartsnap/pkg/unstructured/v1/legacy.go:26.2,26.26 1 0
github.com/jlandowner/helm-chartsnap/pkg/unstructured/v1/legacy.go:30.50,32.34 2 0
github.com/jlandowner/helm-chartsnap/pkg/unstructured/v1/legacy.go:32.34,34.25 2 0
github.com/jlandowner/helm-chartsnap/pkg/unstructured/v1/legacy.go:34.25,36.4 1 0
github.com/jlandowner/helm-chartsnap/pkg/unstructured/v1/legacy.go:38.2,38.11 1 0
github.com/jlandowner/helm-chartsnap/pkg/unstructured/v1/legacy.go:42.50,45.34 3 0
github.com/jlandowner/helm-chartsnap/pkg/unstructured/v1/legacy.go:45.34,46.47 1 0
github.com/jlandowner/helm-chartsnap/pkg/unstructured/v1/legacy.go:46.47,47.42 1 0
github.com/jlandowner/helm-chartsnap/pkg/unstructured/v1/legacy.go:47.42,49.27 2 0
github.com/jlandowner/helm-chartsnap/pkg/unstructured/v1/legacy.go:49.27,51.6 1 0
github.com/jlandowner/helm-chartsnap/pkg/unstructured/v1/legacy.go:53.4,53.13 1 0
github.com/jlandowner/helm-chartsnap/pkg/unstructured/v1/legacy.go:56.2,56.11 1 0
github.com/jlandowner/helm-chartsnap/pkg/unstructured/v1/legacy.go:63.48,74.26 4 0
github.com/jlandowner/helm-chartsnap/pkg/unstructured/v1/legacy.go:74.26,75.25 1 0
github.com/jlandowner/helm-chartsnap/pkg/unstructured/v1/legacy.go:75.25,78.12 2 0
github.com/jlandowner/helm-chartsnap/pkg/unstructured/v1/legacy.go:81.3,81.39 1 0
github.com/jlandowner/helm-chartsnap/pkg/unstructured/v1/legacy.go:81.39,84.4 2 0
github.com/jlandowner/helm-chartsnap/pkg/unstructured/v1/legacy.go:86.3,86.32 1 0
github.com/jlandowner/helm-chartsnap/pkg/unstructured/v1/legacy.go:86.32,90.51 2 0
github.com/jlandowner/helm-chartsnap/pkg/unstructured/v1/legacy.go:90.51,95.70 2 0
github.com/jlandowner/helm-chartsnap/pkg/unstructured/v1/legacy.go:95.70,97.6 1 0
github.com/jlandowner/helm-chartsnap/pkg/unstructured/v1/legacy.go:99.4,99.33 1 0
github.com/jlandowner/helm-chartsnap/pkg/unstructured/v1/legacy.go:101.9,102.22 1 0
github.com/jlandowner/helm-chartsnap/pkg/unstructured/v1/legacy.go:102.22,106.70 2 0
github.com/jlandowner/helm-chartsnap/pkg/unstructured/v1/legacy.go:106.70,108.6 1 0
github.com/jlandowner/helm-chartsnap/pkg/unstructured/v1/legacy.go:110.5,110.25 1 0
github.com/jlandowner/helm-chartsnap/pkg/unstructured/v1/legacy.go:114.2,114.20 1 0
github.com/jlandowner/helm-chartsnap/pkg/unstructured/v1/legacy.go:117.38,118.26 1 0
github.com/jlandowner/helm-chartsnap/pkg/unstructured/v1/legacy.go:118.26,120.3 1 0
github.com/jlandowner/helm-chartsnap/pkg/unstructured/v1/legacy.go:120.8,120.20 1 0
github.com/jlandowner/helm-chartsnap/pkg/unstructured/v1/legacy.go:120.20,122.3 1 0
github.com/jlandowner/helm-chartsnap/pkg/unstructured/v1/legacy.go:122.8,124.3 1 0
github.com/jlandowner/helm-chartsnap/pkg/unstructured/v1/legacy.go:127.46,128.17 1 0
github.com/jlandowner/helm-chartsnap/pkg/unstructured/v1/legacy.go:129.24,130.51 1 0
github.com/jlandowner/helm-chartsnap/pkg/unstructured/v1/legacy.go:131.25,132.53 1 0
github.com/jlandowner/helm-chartsnap/pkg/unstructured/v1/legacy.go:133.10,134.32 1 0
github.com/jlandowner/helm-chartsnap/pkg/jsonpatch/jsonpatch.go:16.38,18.2 1 10
github.com/jlandowner/helm-chartsnap/pkg/jsonpatch/jsonpatch.go:20.45,22.20 2 5
github.com/jlandowner/helm-chartsnap/pkg/jsonpatch/jsonpatch.go:22.20,24.3 1 1
github.com/jlandowner/helm-chartsnap/pkg/jsonpatch/jsonpatch.go:25.2,26.34 2 4
github.com/jlandowner/helm-chartsnap/pkg/jsonpatch/jsonpatch.go:26.34,28.3 1 8
github.com/jlandowner/helm-chartsnap/pkg/jsonpatch/jsonpatch.go:29.2,29.14 1 4
github.com/jlandowner/helm-chartsnap/pkg/snap/cachefs.go:21.48,24.74 2 3
github.com/jlandowner/helm-chartsnap/pkg/snap/cachefs.go:24.74,26.3 1 0
github.com/jlandowner/helm-chartsnap/pkg/snap/cachefs.go:27.2,28.16 2 3
github.com/jlandowner/helm-chartsnap/pkg/snap/cachefs.go:28.16,30.3 1 0
github.com/jlandowner/helm-chartsnap/pkg/snap/cachefs.go:31.2,33.44 2 3
github.com/jlandowner/helm-chartsnap/pkg/snap/cachefs.go:33.44,35.3 1 0
github.com/jlandowner/helm-chartsnap/pkg/snap/cachefs.go:36.2,36.12 1 3
github.com/jlandowner/helm-chartsnap/pkg/snap/cachefs.go:39.44,43.16 3 12
github.com/jlandowner/helm-chartsnap/pkg/snap/cachefs.go:43.16,45.3 1 0
github.com/jlandowner/helm-chartsnap/pkg/snap/cachefs.go:46.2,46.13 1 12
github.com/jlandowner/helm-chartsnap/pkg/snap/cachefs.go:46.13,48.3 1 2
github.com/jlandowner/helm-chartsnap/pkg/snap/cachefs.go:50.2,51.16 2 10
github.com/jlandowner/helm-chartsnap/pkg/snap/cachefs.go:51.16,53.3 1 0
github.com/jlandowner/helm-chartsnap/pkg/snap/cachefs.go:54.2,57.16 3 10
github.com/jlandowner/helm-chartsnap/pkg/snap/cachefs.go:57.16,59.3 1 0
github.com/jlandowner/helm-chartsnap/pkg/snap/cachefs.go:60.2,60.15 1 10
github.com/jlandowner/helm-chartsnap/pkg/snap/cachefs.go:63.36,66.2 2 1
github.com/jlandowner/helm-chartsnap/pkg/snap/snapshot.go:17.36,19.2 1 0
github.com/jlandowner/helm-chartsnap/pkg/snap/snapshot.go:21.25,22.19 1 20
github.com/jlandowner/helm-chartsnap/pkg/snap/snapshot.go:22.19,24.3 1 6
github.com/jlandowner/helm-chartsnap/pkg/snap/snapshot.go:25.2,25.15 1 20
github.com/jlandowner/helm-chartsnap/pkg/snap/snapshot.go:28.42,30.56 2 1
github.com/jlandowner/helm-chartsnap/pkg/snap/snapshot.go:30.56,32.3 1 0
github.com/jlandowner/helm-chartsnap/pkg/snap/snapshot.go:33.2,34.56 2 1
github.com/jlandowner/helm-chartsnap/pkg/snap/snapshot.go:34.56,36.3 1 0
github.com/jlandowner/helm-chartsnap/pkg/snap/snapshot.go:37.2,37.56 1 1
github.com/jlandowner/helm-chartsnap/pkg/snap/snapshot.go:43.38,44.34 1 1
github.com/jlandowner/helm-chartsnap/pkg/snap/snapshot.go:44.34,46.3 1 1
github.com/jlandowner/helm-chartsnap/pkg/snap/snapshot.go:50.39,51.34 1 3
github.com/jlandowner/helm-chartsnap/pkg/snap/snapshot.go:51.34,53.3 1 3
github.com/jlandowner/helm-chartsnap/pkg/snap/snapshot.go:57.75,63.30 2 6
github.com/jlandowner/helm-chartsnap/pkg/snap/snapshot.go:63.30,65.3 1 4
github.com/jlandowner/helm-chartsnap/pkg/snap/snapshot.go:66.2,66.10 1 6
github.com/jlandowner/helm-chartsnap/pkg/snap/snapshot.go:79.79,81.28 1 5
github.com/jlandowner/helm-chartsnap/pkg/snap/snapshot.go:82.14,83.21 1 2
github.com/jlandowner/helm-chartsnap/pkg/snap/snapshot.go:84.14,85.29 1 2
github.com/jlandowner/helm-chartsnap/pkg/snap/snapshot.go:86.10,91.44 5 1
github.com/jlandowner/helm-chartsnap/pkg/snap/snapshot.go:91.44,93.4 1 0
github.com/jlandowner/helm-chartsnap/pkg/snap/snapshot.go:94.3,94.32 1 1
github.com/jlandowner/helm-chartsnap/pkg/snap/snapshot.go:98.2,99.43 2 5
github.com/jlandowner/helm-chartsnap/pkg/snap/snapshot.go:99.43,102.17 2 2
github.com/jlandowner/helm-chartsnap/pkg/snap/snapshot.go:102.17,104.4 1 2
github.com/jlandowner/helm-chartsnap/pkg/snap/snapshot.go:106.2,106.16 1 3
github.com/jlandowner/helm-chartsnap/pkg/snap/snapshot.go:106.16,108.3 1 0
github.com/jlandowner/helm-chartsnap/pkg/snap/snapshot.go:109.2,111.48 2 3
github.com/jlandowner/helm-chartsnap/pkg/snap/snapshot.go:116.79,118.2 1 1
github.com/jlandowner/helm-chartsnap/pkg/snap/snapshot.go:122.86,124.2 1 0
github.com/jlandowner/helm-chartsnap/pkg/snap/snapshot.go:126.58,128.16 2 5
github.com/jlandowner/helm-chartsnap/pkg/snap/snapshot.go:128.16,130.3 1 1
github.com/jlandowner/helm-chartsnap/pkg/snap/snapshot.go:131.2,131.20 1 4
github.com/jlandowner/helm-chartsnap/pkg/snap/snapshot.go:131.20,133.3 1 1
github.com/jlandowner/helm-chartsnap/pkg/snap/snapshot.go:135.2,137.16 3 3
github.com/jlandowner/helm-chartsnap/pkg/snap/snapshot.go:137.16,139.3 1 0
github.com/jlandowner/helm-chartsnap/pkg/snap/snapshot.go:140.2,140.37 1 3
github.com/jlandowner/helm-chartsnap/pkg/snap/snapshot.go:140.37,143.3 2 2
github.com/jlandowner/helm-chartsnap/pkg/snap/snapshot.go:143.8,145.3 1 1
github.com/jlandowner/helm-chartsnap/pkg/snap/snapshot.go:148.68,149.20 1 2
github.com/jlandowner/helm-chartsnap/pkg/snap/snapshot.go:149.20,152.3 1 1
github.com/jlandowner/helm-chartsnap/pkg/snap/snapshot.go:154.2,157.16 4 1
github.com/jlandowner/helm-chartsnap/pkg/snap/snapshot.go:157.16,159.17 2 1
github.com/jlandowner/helm-chartsnap/pkg/snap/snapshot.go:159.17,161.4 1 0
github.com/jlandowner/helm-chartsnap/pkg/snap/snapshot.go:163.2,163.16 1 1
github.com/jlandowner/helm-chartsnap/pkg/snap/snapshot.go:163.16,164.44 1 0
github.com/jlandowner/helm-chartsnap/pkg/snap/snapshot.go:164.44,166.4 1 0
github.com/jlandowner/helm-chartsnap/pkg/snap/snapshot.go:166.9,168.4 1 0
github.com/jlandowner/helm-chartsnap/pkg/snap/snapshot.go:171.2,174.16 3 1
github.com/jlandowner/helm-chartsnap/pkg/snap/snapshot.go:174.16,176.3 1 0
github.com/jlandowner/helm-chartsnap/pkg/snap/snapshot.go:177.2,177.40 1 1
github.com/jlandowner/helm-chartsnap/pkg/snap/snapshot.go:186.45,188.16 2 2
github.com/jlandowner/helm-chartsnap/pkg/snap/snapshot.go:188.16,190.3 1 0
github.com/jlandowner/helm-chartsnap/pkg/snap/snapshot.go:191.2,192.19 2 2
github.com/jlandowner/helm-chartsnap/pkg/snap/snapshot.go:195.58,198.16 3 6
github.com/jlandowner/helm-chartsnap/pkg/snap/snapshot.go:198.16,200.3 1 1
github.com/jlandowner/helm-chartsnap/pkg/snap/snapshot.go:201.2,201.21 1 5
github.com/jlandowner/helm-chartsnap/pkg/snap/snapshot.go:201.21,203.3 1 0
github.com/jlandowner/helm-chartsnap/pkg/snap/snapshot.go:204.2,204.19 1 5
github.com/jlandowner/helm-chartsnap/pkg/snap/snapshot.go:207.60,211.46 4 1
github.com/jlandowner/helm-chartsnap/pkg/snap/snapshot.go:211.46,213.3 1 0
github.com/jlandowner/helm-chartsnap/pkg/snap/snapshot.go:214.2,214.25 1 1
github.com/jlandowner/helm-chartsnap/pkg/api/v1alpha1/header.go:13.36,15.2 1 1
github.com/jlandowner/helm-chartsnap/pkg/api/v1alpha1/header.go:17.39,23.26 5 1
github.com/jlandowner/helm-chartsnap/pkg/api/v1alpha1/header.go:23.26,25.18 2 3
github.com/jlandowner/helm-chartsnap/pkg/api/v1alpha1/header.go:25.18,26.12 1 2
github.com/jlandowner/helm-chartsnap/pkg/api/v1alpha1/header.go:29.3,32.38 3 1
github.com/jlandowner/helm-chartsnap/pkg/api/v1alpha1/header.go:32.38,34.70 2 1
github.com/jlandowner/helm-chartsnap/pkg/api/v1alpha1/header.go:34.70,36.5 1 1
github.com/jlandowner/helm-chartsnap/pkg/api/v1alpha1/header.go:39.2,39.11 1 1
github.com/jlandowner/helm-chartsnap/pkg/api/v1alpha1/testspec.go:11.81,13.16 2 4
github.com/jlandowner/helm-chartsnap/pkg/api/v1alpha1/testspec.go:13.16,15.3 1 1
github.com/jlandowner/helm-chartsnap/pkg/api/v1alpha1/testspec.go:16.2,19.16 3 3
github.com/jlandowner/helm-chartsnap/pkg/api/v1alpha1/testspec.go:19.16,21.3 1 1
github.com/jlandowner/helm-chartsnap/pkg/api/v1alpha1/testspec.go:22.2,22.12 1 2
github.com/jlandowner/helm-chartsnap/pkg/api/v1alpha1/testspec.go:45.46,46.14 1 2
github.com/jlandowner/helm-chartsnap/pkg/api/v1alpha1/testspec.go:46.14,48.3 1 1
github.com/jlandowner/helm-chartsnap/pkg/api/v1alpha1/testspec.go:48.8,50.3 1 1
github.com/jlandowner/helm-chartsnap/pkg/api/v1alpha1/testspec.go:55.52,59.2 1 1
github.com/jlandowner/helm-chartsnap/pkg/api/v1alpha1/unknown.go:17.48,19.2 1 1
github.com/jlandowner/helm-chartsnap/pkg/api/v1alpha1/unknown.go:25.39,27.2 1 1
github.com/jlandowner/helm-chartsnap/pkg/api/v1alpha1/unknown.go:29.60,37.2 1 1
github.com/jlandowner/helm-chartsnap/pkg/api/v1alpha1/unknown.go:39.42,50.2 1 2
github.com/jlandowner/helm-chartsnap/pkg/api/v1alpha1/unknown.go:52.49,58.2 5 1
github.com/jlandowner/helm-chartsnap/pkg/api/v1alpha1/unknown.go:60.44,62.16 2 1
github.com/jlandowner/helm-chartsnap/pkg/api/v1alpha1/unknown.go:62.16,63.71 1 0
github.com/jlandowner/helm-chartsnap/pkg/api/v1alpha1/unknown.go:65.2,65.10 1 1
github.com/jlandowner/helm-chartsnap/pkg/charts/helm.go:19.50,23.23 2 16
github.com/jlandowner/helm-chartsnap/pkg/charts/helm.go:23.23,25.3 1 13
github.com/jlandowner/helm-chartsnap/pkg/charts/helm.go:26.2,26.24 1 16
github.com/jlandowner/helm-chartsnap/pkg/charts/helm.go:26.24,28.3 1 13
github.com/jlandowner/helm-chartsnap/pkg/charts/helm.go:29.2,29.31 1 16
github.com/jlandowner/helm-chartsnap/pkg/charts/helm.go:29.31,31.3 1 1
github.com/jlandowner/helm-chartsnap/pkg/charts/helm.go:32.2,32.13 1 16
github.com/jlandowner/helm-chartsnap/pkg/charts/helm.go:35.79,45.2 6 16
github.com/jlandowner/helm-chartsnap/pkg/charts/snap.go:27.36,29.2 1 0
github.com/jlandowner/helm-chartsnap/pkg/charts/snap.go:31.25,32.19 1 88
github.com/jlandowner/helm-chartsnap/pkg/charts/snap.go:32.19,34.3 1 1
github.com/jlandowner/helm-chartsnap/pkg/charts/snap.go:35.2,35.15 1 88
github.com/jlandowner/helm-chartsnap/pkg/charts/snap.go:53.51,55.39 2 1
github.com/jlandowner/helm-chartsnap/pkg/charts/snap.go:55.39,57.3 1 0
github.com/jlandowner/helm-chartsnap/pkg/charts/snap.go:58.2,58.12 1 1
github.com/jlandowner/helm-chartsnap/pkg/charts/snap.go:61.70,65.2 3 6
github.com/jlandowner/helm-chartsnap/pkg/charts/snap.go:67.64,69.16 2 4
github.com/jlandowner/helm-chartsnap/pkg/charts/snap.go:69.16,72.3 2 0
github.com/jlandowner/helm-chartsnap/pkg/charts/snap.go:73.2,74.55 2 4
github.com/jlandowner/helm-chartsnap/pkg/charts/snap.go:77.90,78.51 1 11
github.com/jlandowner/helm-chartsnap/pkg/charts/snap.go:78.51,80.3 1 11
github.com/jlandowner/helm-chartsnap/pkg/charts/snap.go:80.8,80.31 1 0
github.com/jlandowner/helm-chartsnap/pkg/charts/snap.go:80.31,82.3 1 0
github.com/jlandowner/helm-chartsnap/pkg/charts/snap.go:82.8,84.3 1 0
github.com/jlandowner/helm-chartsnap/pkg/charts/snap.go:87.2,88.47 2 11
github.com/jlandowner/helm-chartsnap/pkg/charts/snap.go:88.47,90.17 2 10
github.com/jlandowner/helm-chartsnap/pkg/charts/snap.go:90.17,92.4 1 0
github.com/jlandowner/helm-chartsnap/pkg/charts/snap.go:94.2,99.16 4 11
github.com/jlandowner/helm-chartsnap/pkg/charts/snap.go:99.16,101.3 1 0
github.com/jlandowner/helm-chartsnap/pkg/charts/snap.go:102.2,105.29 2 11
github.com/jlandowner/helm-chartsnap/pkg/charts/snap.go:105.29,106.44 1 5
github.com/jlandowner/helm-chartsnap/pkg/charts/snap.go:106.44,109.4 1 1
github.com/jlandowner/helm-chartsnap/pkg/charts/snap.go:109.9,109.78 1 4
github.com/jlandowner/helm-chartsnap/pkg/charts/snap.go:109.78,112.4 1 1
github.com/jlandowner/helm-chartsnap/pkg/charts/snap.go:112.9,115.4 1 3
github.com/jlandowner/helm-chartsnap/pkg/charts/snap.go:118.2,118.22 1 11
github.com/jlandowner/helm-chartsnap/pkg/charts/snap.go:118.22,120.44 2 1
github.com/jlandowner/helm-chartsnap/pkg/charts/snap.go:120.44,122.4 1 0
github.com/jlandowner/helm-chartsnap/pkg/charts/snap.go:126.2,128.27 2 11
github.com/jlandowner/helm-chartsnap/pkg/charts/snap.go:129.25,131.36 2 2
github.com/jlandowner/helm-chartsnap/pkg/charts/snap.go:132.25,133.36 1 3
github.com/jlandowner/helm-chartsnap/pkg/charts/snap.go:134.25,135.36 1 6
github.com/jlandowner/helm-chartsnap/pkg/charts/snap.go:136.10,139.36 3 0
github.com/jlandowner/helm-chartsnap/pkg/charts/snap.go:143.113,146.25 2 2
github.com/jlandowner/helm-chartsnap/pkg/charts/snap.go:146.25,147.34 1 2
github.com/jlandowner/helm-chartsnap/pkg/charts/snap.go:147.34,150.4 2 2
github.com/jlandowner/helm-chartsnap/pkg/charts/snap.go:154.2,154.63 1 2
github.com/jlandowner/helm-chartsnap/pkg/charts/snap.go:154.63,156.3 1 0
github.com/jlandowner/helm-chartsnap/pkg/charts/snap.go:158.2,161.16 3 2
github.com/jlandowner/helm-chartsnap/pkg/charts/snap.go:161.16,163.3 1 0
github.com/jlandowner/helm-chartsnap/pkg/charts/snap.go:166.2,171.16 3 2
github.com/jlandowner/helm-chartsnap/pkg/charts/snap.go:171.16,173.3 1 0
github.com/jlandowner/helm-chartsnap/pkg/charts/snap.go:174.2,177.8 1 2
github.com/jlandowner/helm-chartsnap/pkg/charts/snap.go:180.113,183.25 2 3
github.com/jlandowner/helm-chartsnap/pkg/charts/snap.go:183.25,184.34 1 3
github.com/jlandowner/helm-chartsnap/pkg/charts/snap.go:184.34,187.4 2 3
github.com/jlandowner/helm-chartsnap/pkg/charts/snap.go:191.2,191.63 1 3
github.com/jlandowner/helm-chartsnap/pkg/charts/snap.go:191.63,193.3 1 0
github.com/jlandowner/helm-chartsnap/pkg/charts/snap.go:195.2,199.16 4 3
github.com/jlandowner/helm-chartsnap/pkg/charts/snap.go:199.16,201.3 1 0
github.com/jlandowner/helm-chartsnap/pkg/charts/snap.go:202.2,205.16 3 3
github.com/jlandowner/helm-chartsnap/pkg/charts/snap.go:205.16,207.3 1 0
github.com/jlandowner/helm-chartsnap/pkg/charts/snap.go:208.2,211.8 1 3
github.com/jlandowner/helm-chartsnap/pkg/charts/snap.go:214.113,220.16 4 6
github.com/jlandowner/helm-chartsnap/pkg/charts/snap.go:220.16,222.3 1 0
github.com/jlandowner/helm-chartsnap/pkg/charts/snap.go:225.2,225.77 1 6
github.com/jlandowner/helm-chartsnap/pkg/charts/snap.go:225.77,227.3 1 0
github.com/jlandowner/helm-chartsnap/pkg/charts/snap.go:229.2,230.16 2 6
github.com/jlandowner/helm-chartsnap/pkg/charts/snap.go:230.16,232.3 1 0
github.com/jlandowner/helm-chartsnap/pkg/charts/snap.go:234.2,240.16 4 6
github.com/jlandowner/helm-chartsnap/pkg/charts/snap.go:240.16,242.3 1 0
github.com/jlandowner/helm-chartsnap/pkg/charts/snap.go:243.2,246.8 1 6
github.com/jlandowner/helm-chartsnap/pkg/charts/snap.go:249.67,252.22 1 4
github.com/jlandowner/helm-chartsnap/pkg/charts/snap.go:252.22,254.3 1 1
github.com/jlandowner/helm-chartsnap/pkg/charts/snap.go:254.8,256.80 1 3
github.com/jlandowner/helm-chartsnap/pkg/charts/snap.go:256.80,258.4 1 2
github.com/jlandowner/helm-chartsnap/pkg/charts/snap.go:259.3,259.41 1 3
github.com/jlandowner/helm-chartsnap/pkg/charts/snap.go:263.49,264.22 1 10
github.com/jlandowner/helm-chartsnap/pkg/charts/snap.go:264.22,266.3 1 6
github.com/jlandowner/helm-chartsnap/pkg/charts/snap.go:266.8,268.3 1 4
github.com/jlandowner/helm-chartsnap/pkg/charts/snap.go:271.54,273.2 1 5
github.com/jlandowner/helm-chartsnap/pkg/unstructured/v1/legacy.go:16.56,17.44 1 2
github.com/jlandowner/helm-chartsnap/pkg/unstructured/v1/legacy.go:17.44,18.55 1 36
github.com/jlandowner/helm-chartsnap/pkg/unstructured/v1/legacy.go:18.55,20.4 1 24
github.com/jlandowner/helm-chartsnap/pkg/unstructured/v1/legacy.go:21.3,21.43 1 12
github.com/jlandowner/helm-chartsnap/pkg/unstructured/v1/legacy.go:21.43,23.4 1 12
github.com/jlandowner/helm-chartsnap/pkg/unstructured/v1/legacy.go:24.3,24.45 1 0
github.com/jlandowner/helm-chartsnap/pkg/unstructured/v1/legacy.go:26.2,26.26 1 2
github.com/jlandowner/helm-chartsnap/pkg/unstructured/v1/legacy.go:30.50,32.34 2 14
github.com/jlandowner/helm-chartsnap/pkg/unstructured/v1/legacy.go:32.34,34.25 2 52
github.com/jlandowner/helm-chartsnap/pkg/unstructured/v1/legacy.go:34.25,36.4 1 14
github.com/jlandowner/helm-chartsnap/pkg/unstructured/v1/legacy.go:38.2,38.11 1 0
github.com/jlandowner/helm-chartsnap/pkg/unstructured/v1/legacy.go:42.50,45.34 3 14
github.com/jlandowner/helm-chartsnap/pkg/unstructured/v1/legacy.go:45.34,46.47 1 76
github.com/jlandowner/helm-chartsnap/pkg/unstructured/v1/legacy.go:46.47,47.42 1 14
github.com/jlandowner/helm-chartsnap/pkg/unstructured/v1/legacy.go:47.42,49.27 2 100
github.com/jlandowner/helm-chartsnap/pkg/unstructured/v1/legacy.go:49.27,51.6 1 12
github.com/jlandowner/helm-chartsnap/pkg/unstructured/v1/legacy.go:53.4,53.13 1 2
github.com/jlandowner/helm-chartsnap/pkg/unstructured/v1/legacy.go:56.2,56.11 1 0
github.com/jlandowner/helm-chartsnap/pkg/unstructured/v1/legacy.go:63.48,74.26 4 2
github.com/jlandowner/helm-chartsnap/pkg/unstructured/v1/legacy.go:74.26,75.25 1 296
github.com/jlandowner/helm-chartsnap/pkg/unstructured/v1/legacy.go:75.25,78.12 2 0
github.com/jlandowner/helm-chartsnap/pkg/unstructured/v1/legacy.go:81.3,81.39 1 296
github.com/jlandowner/helm-chartsnap/pkg/unstructured/v1/legacy.go:81.39,84.4 2 14
github.com/jlandowner/helm-chartsnap/pkg/unstructured/v1/legacy.go:86.3,86.32 1 296
github.com/jlandowner/helm-chartsnap/pkg/unstructured/v1/legacy.go:86.32,90.51 2 0
github.com/jlandowner/helm-chartsnap/pkg/unstructured/v1/legacy.go:90.51,95.70 2 0
github.com/jlandowner/helm-chartsnap/pkg/unstructured/v1/legacy.go:95.70,97.6 1 0
github.com/jlandowner/helm-chartsnap/pkg/unstructured/v1/legacy.go:99.4,99.33 1 0
github.com/jlandowner/helm-chartsnap/pkg/unstructured/v1/legacy.go:101.9,102.22 1 296
github.com/jlandowner/helm-chartsnap/pkg/unstructured/v1/legacy.go:102.22,106.70 2 0
github.com/jlandowner/helm-chartsnap/pkg/unstructured/v1/legacy.go:106.70,108.6 1 0
github.com/jlandowner/helm-chartsnap/pkg/unstructured/v1/legacy.go:110.5,110.25 1 0
github.com/jlandowner/helm-chartsnap/pkg/unstructured/v1/legacy.go:114.2,114.20 1 2
github.com/jlandowner/helm-chartsnap/pkg/unstructured/v1/legacy.go:117.38,118.26 1 0
github.com/jlandowner/helm-chartsnap/pkg/unstructured/v1/legacy.go:118.26,120.3 1 0
github.com/jlandowner/helm-chartsnap/pkg/unstructured/v1/legacy.go:120.8,120.20 1 0
github.com/jlandowner/helm-chartsnap/pkg/unstructured/v1/legacy.go:120.20,122.3 1 0
github.com/jlandowner/helm-chartsnap/pkg/unstructured/v1/legacy.go:122.8,124.3 1 0
github.com/jlandowner/helm-chartsnap/pkg/unstructured/v1/legacy.go:127.46,128.17 1 0
github.com/jlandowner/helm-chartsnap/pkg/unstructured/v1/legacy.go:129.24,130.51 1 0
github.com/jlandowner/helm-chartsnap/pkg/unstructured/v1/legacy.go:131.25,132.53 1 0
github.com/jlandowner/helm-chartsnap/pkg/unstructured/v1/legacy.go:133.10,134.32 1 0
github.com/jlandowner/helm-chartsnap/pkg/snap/gomega/object_snapshot.go:9.54,14.2 4 1
github.com/jlandowner/helm-chartsnap/pkg/snap/gomega/object_snapshot.go:16.43,24.43 7 1
github.com/jlandowner/helm-chartsnap/pkg/snap/gomega/object_snapshot.go:24.43,27.3 2 1
github.com/jlandowner/helm-chartsnap/pkg/snap/gomega/object_snapshot.go:28.2,28.33 1 1
github.com/jlandowner/helm-chartsnap/pkg/snap/gomega/snap.go:21.42,37.2 11 2
github.com/jlandowner/helm-chartsnap/pkg/unstructured/diff.go:12.55,14.25 2 1
github.com/jlandowner/helm-chartsnap/pkg/unstructured/diff.go:14.25,15.43 1 3
github.com/jlandowner/helm-chartsnap/pkg/unstructured/diff.go:15.43,17.4 1 2
github.com/jlandowner/helm-chartsnap/pkg/unstructured/diff.go:19.2,19.15 1 1
github.com/jlandowner/helm-chartsnap/pkg/unstructured/diff.go:26.48,34.26 4 2
github.com/jlandowner/helm-chartsnap/pkg/unstructured/diff.go:34.26,35.25 1 332
github.com/jlandowner/helm-chartsnap/pkg/unstructured/diff.go:35.25,38.12 2 166
github.com/jlandowner/helm-chartsnap/pkg/unstructured/diff.go:42.3,42.36 1 166
github.com/jlandowner/helm-chartsnap/pkg/unstructured/diff.go:42.36,44.27 1 6
github.com/jlandowner/helm-chartsnap/pkg/unstructured/diff.go:44.27,49.5 2 3
github.com/jlandowner/helm-chartsnap/pkg/unstructured/diff.go:53.4,53.26 1 6
github.com/jlandowner/helm-chartsnap/pkg/unstructured/diff.go:55.3,60.32 3 166
github.com/jlandowner/helm-chartsnap/pkg/unstructured/diff.go:60.32,64.52 2 55
github.com/jlandowner/helm-chartsnap/pkg/unstructured/diff.go:64.52,69.84 2 7
github.com/jlandowner/helm-chartsnap/pkg/unstructured/diff.go:69.84,71.6 1 11
github.com/jlandowner/helm-chartsnap/pkg/unstructured/diff.go:73.4,73.32 1 55
github.com/jlandowner/helm-chartsnap/pkg/unstructured/diff.go:75.9,76.27 1 111
github.com/jlandowner/helm-chartsnap/pkg/unstructured/diff.go:76.27,80.70 2 3
github.com/jlandowner/helm-chartsnap/pkg/unstructured/diff.go:80.70,82.6 1 9
github.com/jlandowner/helm-chartsnap/pkg/unstructured/diff.go:84.5,84.25 1 3
github.com/jlandowner/helm-chartsnap/pkg/unstructured/diff.go:88.2,88.20 1 2
github.com/jlandowner/helm-chartsnap/pkg/unstructured/diff.go:107.57,110.34 1 166
github.com/jlandowner/helm-chartsnap/pkg/unstructured/diff.go:110.34,112.3 1 131
github.com/jlandowner/helm-chartsnap/pkg/unstructured/diff.go:115.61,119.2 3 8
github.com/jlandowner/helm-chartsnap/pkg/unstructured/diff.go:121.33,123.2 1 55
github.com/jlandowner/helm-chartsnap/pkg/unstructured/diff.go:125.31,127.2 1 6
github.com/jlandowner/helm-chartsnap/pkg/unstructured/diff.go:129.36,131.2 1 7
github.com/jlandowner/helm-chartsnap/pkg/unstructured/diff.go:133.38,134.26 1 19
github.com/jlandowner/helm-chartsnap/pkg/unstructured/diff.go:134.26,136.3 1 15
github.com/jlandowner/helm-chartsnap/pkg/unstructured/diff.go:136.8,136.20 1 4
github.com/jlandowner/helm-chartsnap/pkg/unstructured/diff.go:136.20,138.3 1 4
github.com/jlandowner/helm-chartsnap/pkg/unstructured/diff.go:138.8,140.3 1 0
github.com/jlandowner/helm-chartsnap/pkg/unstructured/diff.go:143.45,144.17 1 222
github.com/jlandowner/helm-chartsnap/pkg/unstructured/diff.go:145.24,146.51 1 41
github.com/jlandowner/helm-chartsnap/pkg/unstructured/diff.go:147.25,148.53 1 70
github.com/jlandowner/helm-chartsnap/pkg/unstructured/diff.go:149.10,150.32 1 111
github.com/jlandowner/helm-chartsnap/pkg/unstructured/diff.go:154.55,156.2 1 8
github.com/jlandowner/helm-chartsnap/pkg/unstructured/diff.go:158.54,159.34 1 9
github.com/jlandowner/helm-chartsnap/pkg/unstructured/diff.go:159.34,161.25 2 29
github.com/jlandowner/helm-chartsnap/pkg/unstructured/diff.go:161.25,163.4 1 9
github.com/jlandowner/helm-chartsnap/pkg/unstructured/diff.go:165.2,165.11 1 0
github.com/jlandowner/helm-chartsnap/pkg/unstructured/diff.go:168.54,169.34 1 9
github.com/jlandowner/helm-chartsnap/pkg/unstructured/diff.go:169.34,170.44 1 65
github.com/jlandowner/helm-chartsnap/pkg/unstructured/diff.go:170.44,171.42 1 9
github.com/jlandowner/helm-chartsnap/pkg/unstructured/diff.go:171.42,173.27 2 55
github.com/jlandowner/helm-chartsnap/pkg/unstructured/diff.go:173.27,175.6 1 8
github.com/jlandowner/helm-chartsnap/pkg/unstructured/diff.go:177.4,177.13 1 1
github.com/jlandowner/helm-chartsnap/pkg/unstructured/diff.go:180.2,180.11 1 0
github.com/jlandowner/helm-chartsnap/pkg/unstructured/unstructured.go:22.36,24.2 1 0
github.com/jlandowner/helm-chartsnap/pkg/unstructured/unstructured.go:26.25,27.19 1 166
github.com/jlandowner/helm-chartsnap/pkg/unstructured/unstructured.go:27.19,29.3 1 1
github.com/jlandowner/helm-chartsnap/pkg/unstructured/unstructured.go:30.2,30.15 1 166
github.com/jlandowner/helm-chartsnap/pkg/unstructured/unstructured.go:33.56,38.24 4 1
github.com/jlandowner/helm-chartsnap/pkg/unstructured/unstructured.go:38.24,39.46 1 2
github.com/jlandowner/helm-chartsnap/pkg/unstructured/unstructured.go:39.46,41.4 1 0
github.com/jlandowner/helm-chartsnap/pkg/unstructured/unstructured.go:43.2,43.36 1 1
github.com/jlandowner/helm-chartsnap/pkg/unstructured/unstructured.go:43.36,45.3 1 0
github.com/jlandowner/helm-chartsnap/pkg/unstructured/unstructured.go:47.2,47.25 1 1
github.com/jlandowner/helm-chartsnap/pkg/unstructured/unstructured.go:50.61,55.32 4 2
github.com/jlandowner/helm-chartsnap/pkg/unstructured/unstructured.go:55.32,56.33 1 6
github.com/jlandowner/helm-chartsnap/pkg/unstructured/unstructured.go:56.33,57.12 1 0
github.com/jlandowner/helm-chartsnap/pkg/unstructured/unstructured.go:60.3,61.47 2 6
github.com/jlandowner/helm-chartsnap/pkg/unstructured/unstructured.go:61.47,64.45 3 11
github.com/jlandowner/helm-chartsnap/pkg/unstructured/unstructured.go:64.45,66.10 2 6
github.com/jlandowner/helm-chartsnap/pkg/unstructured/unstructured.go:69.3,69.12 1 6
github.com/jlandowner/helm-chartsnap/pkg/unstructured/unstructured.go:69.12,70.12 1 0
github.com/jlandowner/helm-chartsnap/pkg/unstructured/unstructured.go:72.3,73.17 2 6
github.com/jlandowner/helm-chartsnap/pkg/unstructured/unstructured.go:73.17,77.4 3 0
github.com/jlandowner/helm-chartsnap/pkg/unstructured/unstructured.go:78.3,78.38 1 6
github.com/jlandowner/helm-chartsnap/pkg/unstructured/unstructured.go:81.2,81.24 1 2
github.com/jlandowner/helm-chartsnap/pkg/unstructured/unstructured.go:84.88,85.36 1 1
github.com/jlandowner/helm-chartsnap/pkg/unstructured/unstructured.go:85.36,86.33 1 7
github.com/jlandowner/helm-chartsnap/pkg/unstructured/unstructured.go:86.33,89.29 1 28
github.com/jlandowner/helm-chartsnap/pkg/unstructured/unstructured.go:89.29,90.34 1 4
github.com/jlandowner/helm-chartsnap/pkg/unstructured/unstructured.go:90.34,92.20 2 4
github.com/jlandowner/helm-chartsnap/pkg/unstructured/unstructured.go:92.20,94.7 1 0
github.com/jlandowner/helm-chartsnap/pkg/unstructured/unstructured.go:95.6,95.28 1 4
github.com/jlandowner/helm-chartsnap/pkg/unstructured/unstructured.go:100.2,100.12 1 1
github.com/jlandowner/helm-chartsnap/pkg/unstructured/unstructured.go:103.88,106.16 3 5
github.com/jlandowner/helm-chartsnap/pkg/unstructured/unstructured.go:106.16,108.3 1 0
github.com/jlandowner/helm-chartsnap/pkg/unstructured/unstructured.go:111.2,112.16 2 5
github.com/jlandowner/helm-chartsnap/pkg/unstructured/unstructured.go:112.16,114.3 1 0
github.com/jlandowner/helm-chartsnap/pkg/unstructured/unstructured.go:116.2,117.16 2 5
github.com/jlandowner/helm-chartsnap/pkg/unstructured/unstructured.go:117.16,119.3 1 0
github.com/jlandowner/helm-chartsnap/pkg/unstructured/unstructured.go:121.2,123.24 2 5
github.com/jlandowner/helm-chartsnap/pkg/unstructured/unstructured.go:126.96,128.2 1 6
github.com/jlandowner/helm-chartsnap/pkg/unstructured/unstructured.go:130.95,134.16 4 11
github.com/jlandowner/helm-chartsnap/pkg/unstructured/unstructured.go:134.16,136.3 1 0
github.com/jlandowner/helm-chartsnap/pkg/unstructured/unstructured.go:137.2,137.22 1 11
github.com/jlandowner/helm-chartsnap/pkg/unstructured/unstructured.go:140.72,142.2 1 5
github.com/jlandowner/helm-chartsnap/pkg/yaml/diff.go:12.55,14.25 2 1
github.com/jlandowner/helm-chartsnap/pkg/yaml/diff.go:14.25,15.43 1 3
github.com/jlandowner/helm-chartsnap/pkg/yaml/diff.go:15.43,17.4 1 2
github.com/jlandowner/helm-chartsnap/pkg/yaml/diff.go:19.2,19.15 1 1
github.com/jlandowner/helm-chartsnap/pkg/yaml/diff.go:26.48,34.26 4 2
github.com/jlandowner/helm-chartsnap/pkg/yaml/diff.go:34.26,35.25 1 332
github.com/jlandowner/helm-chartsnap/pkg/yaml/diff.go:35.25,38.12 2 166
github.com/jlandowner/helm-chartsnap/pkg/yaml/diff.go:41.3,44.36 2 166
github.com/jlandowner/helm-chartsnap/pkg/yaml/diff.go:44.36,46.27 1 6
github.com/jlandowner/helm-chartsnap/pkg/yaml/diff.go:46.27,51.5 2 0
github.com/jlandowner/helm-chartsnap/pkg/yaml/diff.go:55.4,57.12 2 6
github.com/jlandowner/helm-chartsnap/pkg/yaml/diff.go:60.3,63.27 2 160
github.com/jlandowner/helm-chartsnap/pkg/yaml/diff.go:63.27,64.33 1 114
github.com/jlandowner/helm-chartsnap/pkg/yaml/diff.go:64.33,71.84 3 7
github.com/jlandowner/helm-chartsnap/pkg/yaml/diff.go:71.84,72.46 1 11
github.com/jlandowner/helm-chartsnap/pkg/yaml/diff.go:72.46,73.15 1 0
github.com/jlandowner/helm-chartsnap/pkg/yaml/diff.go:75.6,75.51 1 11
github.com/jlandowner/helm-chartsnap/pkg/yaml/diff.go:78.5,78.33 1 7
github.com/jlandowner/helm-chartsnap/pkg/yaml/diff.go:81.9,86.75 3 46
github.com/jlandowner/helm-chartsnap/pkg/yaml/diff.go:86.75,87.41 1 57
github.com/jlandowner/helm-chartsnap/pkg/yaml/diff.go:87.41,89.11 2 39
github.com/jlandowner/helm-chartsnap/pkg/yaml/diff.go:92.4,92.21 1 46
github.com/jlandowner/helm-chartsnap/pkg/yaml/diff.go:92.21,96.76 2 7
github.com/jlandowner/helm-chartsnap/pkg/yaml/diff.go:96.76,97.46 1 12
github.com/jlandowner/helm-chartsnap/pkg/yaml/diff.go:97.46,98.12 1 3
github.com/jlandowner/helm-chartsnap/pkg/yaml/diff.go:100.6,100.51 1 9
github.com/jlandowner/helm-chartsnap/pkg/yaml/diff.go:103.5,103.25 1 7
github.com/jlandowner/helm-chartsnap/pkg/yaml/diff.go:107.2,107.20 1 2
github.com/jlandowner/helm-chartsnap/pkg/yaml/diff.go:126.57,129.34 1 166
github.com/jlandowner/helm-chartsnap/pkg/yaml/diff.go:129.34,131.3 1 131
github.com/jlandowner/helm-chartsnap/pkg/yaml/diff.go:134.61,138.2 3 8
github.com/jlandowner/helm-chartsnap/pkg/yaml/diff.go:140.33,142.2 1 7
github.com/jlandowner/helm-chartsnap/pkg/yaml/diff.go:144.31,146.2 1 7
github.com/jlandowner/helm-chartsnap/pkg/yaml/diff.go:148.36,150.2 1 7
github.com/jlandowner/helm-chartsnap/pkg/yaml/diff.go:152.38,153.26 1 87
github.com/jlandowner/helm-chartsnap/pkg/yaml/diff.go:153.26,155.3 1 81
github.com/jlandowner/helm-chartsnap/pkg/yaml/diff.go:155.8,155.20 1 6
github.com/jlandowner/helm-chartsnap/pkg/yaml/diff.go:155.20,157.3 1 4
github.com/jlandowner/helm-chartsnap/pkg/yaml/diff.go:157.8,159.3 1 2
github.com/jlandowner/helm-chartsnap/pkg/yaml/diff.go:162.45,163.17 1 220
github.com/jlandowner/helm-chartsnap/pkg/yaml/diff.go:164.24,165.51 1 40
github.com/jlandowner/helm-chartsnap/pkg/yaml/diff.go:166.25,167.53 1 69
github.com/jlandowner/helm-chartsnap/pkg/yaml/diff.go:168.10,169.32 1 111
github.com/jlandowner/helm-chartsnap/pkg/yaml/diff.go:173.55,175.2 1 8
github.com/jlandowner/helm-chartsnap/pkg/yaml/diff.go:177.54,178.34 1 9
github.com/jlandowner/helm-chartsnap/pkg/yaml/diff.go:178.34,180.25 2 29
github.com/jlandowner/helm-chartsnap/pkg/yaml/diff.go:180.25,182.4 1 9
github.com/jlandowner/helm-chartsnap/pkg/yaml/diff.go:184.2,184.11 1 0
github.com/jlandowner/helm-chartsnap/pkg/yaml/diff.go:187.54,188.34 1 9
github.com/jlandowner/helm-chartsnap/pkg/yaml/diff.go:188.34,189.44 1 65
github.com/jlandowner/helm-chartsnap/pkg/yaml/diff.go:189.44,190.42 1 9
github.com/jlandowner/helm-chartsnap/pkg/yaml/diff.go:190.42,192.27 2 55
github.com/jlandowner/helm-chartsnap/pkg/yaml/diff.go:192.27,194.6 1 8
github.com/jlandowner/helm-chartsnap/pkg/yaml/diff.go:196.4,196.13 1 1
github.com/jlandowner/helm-chartsnap/pkg/yaml/diff.go:199.2,199.11 1 0
github.com/jlandowner/helm-chartsnap/pkg/yaml/yaml.go:19.36,21.2 1 3
github.com/jlandowner/helm-chartsnap/pkg/yaml/yaml.go:23.25,24.19 1 163
github.com/jlandowner/helm-chartsnap/pkg/yaml/yaml.go:24.19,26.3 1 0
github.com/jlandowner/helm-chartsnap/pkg/yaml/yaml.go:27.2,27.15 1 163
github.com/jlandowner/helm-chartsnap/pkg/yaml/yaml.go:30.54,35.2 3 4
github.com/jlandowner/helm-chartsnap/pkg/yaml/yaml.go:37.55,39.16 2 4
github.com/jlandowner/helm-chartsnap/pkg/yaml/yaml.go:39.16,42.17 3 1
github.com/jlandowner/helm-chartsnap/pkg/yaml/yaml.go:42.17,44.4 1 0
github.com/jlandowner/helm-chartsnap/pkg/yaml/yaml.go:47.2,48.16 2 4
github.com/jlandowner/helm-chartsnap/pkg/yaml/yaml.go:48.16,50.3 1 0
github.com/jlandowner/helm-chartsnap/pkg/yaml/yaml.go:51.2,51.17 1 4
github.com/jlandowner/helm-chartsnap/pkg/yaml/yaml.go:54.47,61.2 1 5
github.com/jlandowner/helm-chartsnap/pkg/yaml/yaml.go:63.91,64.36 1 1
github.com/jlandowner/helm-chartsnap/pkg/yaml/yaml.go:64.36,65.28 1 7
github.com/jlandowner/helm-chartsnap/pkg/yaml/yaml.go:65.28,68.29 1 35
github.com/jlandowner/helm-chartsnap/pkg/yaml/yaml.go:68.29,69.34 1 4
github.com/jlandowner/helm-chartsnap/pkg/yaml/yaml.go:69.34,71.20 2 4
github.com/jlandowner/helm-chartsnap/pkg/yaml/yaml.go:71.20,73.7 1 0
github.com/jlandowner/helm-chartsnap/pkg/yaml/yaml.go:78.2,78.12 1 1
github.com/jlandowner/helm-chartsnap/pkg/yaml/yaml.go:81.52,85.32 3 1
github.com/jlandowner/helm-chartsnap/pkg/yaml/yaml.go:85.32,86.88 1 6
github.com/jlandowner/helm-chartsnap/pkg/yaml/yaml.go:86.88,88.4 1 5
github.com/jlandowner/helm-chartsnap/pkg/yaml/yaml.go:88.9,92.4 3 1
github.com/jlandowner/helm-chartsnap/pkg/yaml/yaml.go:94.2,94.46 1 1
github.com/jlandowner/helm-chartsnap/pkg/yaml/yaml.go:97.63,98.25 1 4
github.com/jlandowner/helm-chartsnap/pkg/yaml/yaml.go:98.25,99.24 1 22
github.com/jlandowner/helm-chartsnap/pkg/yaml/yaml.go:99.24,105.4 5 1
github.com/jlandowner/helm-chartsnap/pkg/yaml/yaml.go:107.2,107.12 1 4
github.com/jlandowner/helm-chartsnap/pkg/yaml/yaml.go:112.57,114.2 1 4
github.com/jlandowner/helm-chartsnap/main.go:51.31,53.16 2 23
github.com/jlandowner/helm-chartsnap/main.go:53.16,55.3 1 19
github.com/jlandowner/helm-chartsnap/main.go:56.2,56.20 1 4
github.com/jlandowner/helm-chartsnap/main.go:59.37,61.25 2 15
github.com/jlandowner/helm-chartsnap/main.go:61.25,63.3 1 0
github.com/jlandowner/helm-chartsnap/main.go:64.2,64.24 1 15
github.com/jlandowner/helm-chartsnap/main.go:67.35,69.19 2 15
github.com/jlandowner/helm-chartsnap/main.go:69.19,71.3 1 0
github.com/jlandowner/helm-chartsnap/main.go:72.2,72.15 1 15
github.com/jlandowner/helm-chartsnap/main.go:75.30,76.22 1 20
github.com/jlandowner/helm-chartsnap/main.go:76.22,78.3 1 0
github.com/jlandowner/helm-chartsnap/main.go:79.2,79.18 1 20
github.com/jlandowner/helm-chartsnap/main.go:83.43,85.22 1 15
github.com/jlandowner/helm-chartsnap/main.go:85.22,87.3 1 0
github.com/jlandowner/helm-chartsnap/main.go:87.8,89.3 1 15
github.com/jlandowner/helm-chartsnap/main.go:92.13,94.2 1 1
github.com/jlandowner/helm-chartsnap/main.go:96.20,170.67 8 15
github.com/jlandowner/helm-chartsnap/main.go:170.67,171.13 1 0
github.com/jlandowner/helm-chartsnap/main.go:173.2,173.68 1 15
github.com/jlandowner/helm-chartsnap/main.go:173.68,174.13 1 0
github.com/jlandowner/helm-chartsnap/main.go:176.2,180.72 5 15
github.com/jlandowner/helm-chartsnap/main.go:180.72,181.13 1 0
github.com/jlandowner/helm-chartsnap/main.go:183.2,187.74 5 15
github.com/jlandowner/helm-chartsnap/main.go:187.74,188.13 1 0
github.com/jlandowner/helm-chartsnap/main.go:190.2,192.168 3 15
github.com/jlandowner/helm-chartsnap/main.go:195.13,196.42 1 0
github.com/jlandowner/helm-chartsnap/main.go:196.42,199.3 2 0
github.com/jlandowner/helm-chartsnap/main.go:202.33,204.30 1 12
github.com/jlandowner/helm-chartsnap/main.go:204.30,205.17 1 12
github.com/jlandowner/helm-chartsnap/main.go:205.17,207.5 1 1
github.com/jlandowner/helm-chartsnap/main.go:208.4,208.25 1 11
github.com/jlandowner/helm-chartsnap/main.go:213.74,215.39 2 4
github.com/jlandowner/helm-chartsnap/main.go:215.39,216.17 1 0
github.com/jlandowner/helm-chartsnap/main.go:216.17,218.4 1 0
github.com/jlandowner/helm-chartsnap/main.go:218.9,220.4 1 0
github.com/jlandowner/helm-chartsnap/main.go:222.2,223.12 2 4
github.com/jlandowner/helm-chartsnap/main.go:226.51,232.33 5 12
github.com/jlandowner/helm-chartsnap/main.go:232.33,233.36 1 502
github.com/jlandowner/helm-chartsnap/main.go:233.36,236.4 2 10
github.com/jlandowner/helm-chartsnap/main.go:239.2,240.49 2 12
github.com/jlandowner/helm-chartsnap/main.go:240.49,241.64 1 0
github.com/jlandowner/helm-chartsnap/main.go:241.64,243.4 1 0
github.com/jlandowner/helm-chartsnap/main.go:246.2,247.24 2 12
github.com/jlandowner/helm-chartsnap/main.go:247.24,249.17 2 8
github.com/jlandowner/helm-chartsnap/main.go:249.17,250.26 1 1
github.com/jlandowner/helm-chartsnap/main.go:250.26,252.5 1 1
github.com/jlandowner/helm-chartsnap/main.go:253.4,253.77 1 0
github.com/jlandowner/helm-chartsnap/main.go:256.3,256.19 1 7
github.com/jlandowner/helm-chartsnap/main.go:256.19,259.18 2 2
github.com/jlandowner/helm-chartsnap/main.go:259.18,261.5 1 0
github.com/jlandowner/helm-chartsnap/main.go:262.4,263.28 2 2
github.com/jlandowner/helm-chartsnap/main.go:263.28,265.33 1 10
github.com/jlandowner/helm-chartsnap/main.go:265.33,266.87 1 2
github.com/jlandowner/helm-chartsnap/main.go:266.87,268.7 1 0
github.com/jlandowner/helm-chartsnap/main.go:269.6,269.14 1 2
github.com/jlandowner/helm-chartsnap/main.go:273.5,273.59 1 8
github.com/jlandowner/helm-chartsnap/main.go:273.59,275.6 1 6
github.com/jlandowner/helm-chartsnap/main.go:277.9,282.45 3 5
github.com/jlandowner/helm-chartsnap/main.go:282.45,283.60 1 2
github.com/jlandowner/helm-chartsnap/main.go:283.60,285.6 1 0
github.com/jlandowner/helm-chartsnap/main.go:290.2,291.17 2 11
github.com/jlandowner/helm-chartsnap/main.go:291.17,294.3 1 11
github.com/jlandowner/helm-chartsnap/main.go:296.2,297.15 2 11
github.com/jlandowner/helm-chartsnap/main.go:297.15,300.3 1 1
github.com/jlandowner/helm-chartsnap/main.go:301.2,301.27 1 11
github.com/jlandowner/helm-chartsnap/main.go:301.27,312.22 3 15
github.com/jlandowner/helm-chartsnap/main.go:312.22,314.25 2 15
github.com/jlandowner/helm-chartsnap/main.go:314.25,316.5 1 0
github.com/jlandowner/helm-chartsnap/main.go:316.10,318.5 1 15
github.com/jlandowner/helm-chartsnap/main.go:320.4,330.18 3 15
github.com/jlandowner/helm-chartsnap/main.go:330.18,333.5 2 0
github.com/jlandowner/helm-chartsnap/main.go:334.4,334.21 1 15
github.com/jlandowner/helm-chartsnap/main.go:334.21,338.5 3 3
github.com/jlandowner/helm-chartsnap/main.go:339.4,340.14 2 12
github.com/jlandowner/helm-chartsnap/main.go:344.2,344.34 1 11
github.com/jlandowner/helm-chartsnap/main.go:344.34,346.3 1 3
github.com/jlandowner/helm-chartsnap/main.go:347.2,349.12 2 8
github.com/jlandowner/helm-chartsnap/main.go:352.101,357.2 4 38
github.com/jlandowner/helm-chartsnap/main.go:359.35,364.37 4 12
github.com/jlandowner/helm-chartsnap/main.go:364.37,367.3 2 156
github.com/jlandowner/helm-chartsnap/main.go:369.2,369.16 1 12
github.com/jlandowner/helm-chartsnap/pkg/unstructured/v1/legacy.go:16.56,17.44 1 1
github.com/jlandowner/helm-chartsnap/pkg/unstructured/v1/legacy.go:17.44,18.55 1 10
github.com/jlandowner/helm-chartsnap/pkg/unstructured/v1/legacy.go:18.55,20.4 1 4
github.com/jlandowner/helm-chartsnap/pkg/unstructured/v1/legacy.go:21.3,21.43 1 6
github.com/jlandowner/helm-chartsnap/pkg/unstructured/v1/legacy.go:21.43,23.4 1 6
github.com/jlandowner/helm-chartsnap/pkg/unstructured/v1/legacy.go:24.3,24.45 1 0
github.com/jlandowner/helm-chartsnap/pkg/unstructured/v1/legacy.go:26.2,26.26 1 1
github.com/jlandowner/helm-chartsnap/pkg/unstructured/v1/legacy.go:30.50,32.34 2 5
github.com/jlandowner/helm-chartsnap/pkg/unstructured/v1/legacy.go:32.34,34.25 2 23
github.com/jlandowner/helm-chartsnap/pkg/unstructured/v1/legacy.go:34.25,36.4 1 5
github.com/jlandowner/helm-chartsnap/pkg/unstructured/v1/legacy.go:38.2,38.11 1 0
github.com/jlandowner/helm-chartsnap/pkg/unstructured/v1/legacy.go:42.50,45.34 3 5
github.com/jlandowner/helm-chartsnap/pkg/unstructured/v1/legacy.go:45.34,46.47 1 28
github.com/jlandowner/helm-chartsnap/pkg/unstructured/v1/legacy.go:46.47,47.42 1 5
github.com/jlandowner/helm-chartsnap/pkg/unstructured/v1/legacy.go:47.42,49.27 2 34
github.com/jlandowner/helm-chartsnap/pkg/unstructured/v1/legacy.go:49.27,51.6 1 4
github.com/jlandowner/helm-chartsnap/pkg/unstructured/v1/legacy.go:53.4,53.13 1 1
github.com/jlandowner/helm-chartsnap/pkg/unstructured/v1/legacy.go:56.2,56.11 1 0
github.com/jlandowner/helm-chartsnap/pkg/unstructured/v1/legacy.go:63.48,74.26 4 1
github.com/jlandowner/helm-chartsnap/pkg/unstructured/v1/legacy.go:74.26,75.25 1 122
github.com/jlandowner/helm-chartsnap/pkg/unstructured/v1/legacy.go:75.25,78.12 2 0
github.com/jlandowner/helm-chartsnap/pkg/unstructured/v1/legacy.go:81.3,81.39 1 122
github.com/jlandowner/helm-chartsnap/pkg/unstructured/v1/legacy.go:81.39,84.4 2 5
github.com/jlandowner/helm-chartsnap/pkg/unstructured/v1/legacy.go:86.3,86.32 1 122
github.com/jlandowner/helm-chartsnap/pkg/unstructured/v1/legacy.go:86.32,90.51 2 6
github.com/jlandowner/helm-chartsnap/pkg/unstructured/v1/legacy.go:90.51,95.70 2 1
github.com/jlandowner/helm-chartsnap/pkg/unstructured/v1/legacy.go:95.70,97.6 1 3
github.com/jlandowner/helm-chartsnap/pkg/unstructured/v1/legacy.go:99.4,99.33 1 6
github.com/jlandowner/helm-chartsnap/pkg/unstructured/v1/legacy.go:101.9,102.22 1 116
github.com/jlandowner/helm-chartsnap/pkg/unstructured/v1/legacy.go:102.22,106.70 2 1
github.com/jlandowner/helm-chartsnap/pkg/unstructured/v1/legacy.go:106.70,108.6 1 3
github.com/jlandowner/helm-chartsnap/pkg/unstructured/v1/legacy.go:110.5,110.25 1 1
github.com/jlandowner/helm-chartsnap/pkg/unstructured/v1/legacy.go:114.2,114.20 1 1
github.com/jlandowner/helm-chartsnap/pkg/unstructured/v1/legacy.go:117.38,118.26 1 5
github.com/jlandowner/helm-chartsnap/pkg/unstructured/v1/legacy.go:118.26,120.3 1 5
github.com/jlandowner/helm-chartsnap/pkg/unstructured/v1/legacy.go:120.8,120.20 1 0
github.com/jlandowner/helm-chartsnap/pkg/unstructured/v1/legacy.go:120.20,122.3 1 0
github.com/jlandowner/helm-chartsnap/pkg/unstructured/v1/legacy.go:122.8,124.3 1 0
github.com/jlandowner/helm-chartsnap/pkg/unstructured/v1/legacy.go:127.46,128.17 1 6
github.com/jlandowner/helm-chartsnap/pkg/unstructured/v1/legacy.go:129.24,130.51 1 3
github.com/jlandowner/helm-chartsnap/pkg/unstructured/v1/legacy.go:131.25,132.53 1 3
github.com/jlandowner/helm-chartsnap/pkg/unstructured/v1/legacy.go:133.10,134.32 1 0
